DEBUG - 2025-10-28 02:47:01 --> Session: Class initialized using 'CodeIgniter\Session\Handlers\FileHandler' driver.
DEBUG - 2025-10-28 02:47:08 --> Session: Class initialized using 'CodeIgniter\Session\Handlers\FileHandler' driver.
DEBUG - 2025-10-28 02:47:08 --> Database file path: C:\xampp\htdocs\V-Track\writable\database\v-track.db
DEBUG - 2025-10-28 02:47:08 --> Session: Class initialized using 'CodeIgniter\Session\Handlers\FileHandler' driver.
DEBUG - 2025-10-28 02:49:03 --> Session: Class initialized using 'CodeIgniter\Session\Handlers\FileHandler' driver.
DEBUG - 2025-10-28 02:50:11 --> Session: Class initialized using 'CodeIgniter\Session\Handlers\FileHandler' driver.
DEBUG - 2025-10-28 02:50:44 --> Session: Class initialized using 'CodeIgniter\Session\Handlers\FileHandler' driver.
DEBUG - 2025-10-28 02:51:52 --> Session: Class initialized using 'CodeIgniter\Session\Handlers\FileHandler' driver.
DEBUG - 2025-10-28 02:54:31 --> Session: Class initialized using 'CodeIgniter\Session\Handlers\FileHandler' driver.
DEBUG - 2025-10-28 02:56:26 --> Session: Class initialized using 'CodeIgniter\Session\Handlers\FileHandler' driver.
DEBUG - 2025-10-28 02:58:59 --> Session: Class initialized using 'CodeIgniter\Session\Handlers\FileHandler' driver.
DEBUG - 2025-10-28 03:11:22 --> Session: Class initialized using 'CodeIgniter\Session\Handlers\FileHandler' driver.
DEBUG - 2025-10-28 03:13:20 --> Session: Class initialized using 'CodeIgniter\Session\Handlers\FileHandler' driver.
DEBUG - 2025-10-28 03:13:46 --> Session: Class initialized using 'CodeIgniter\Session\Handlers\FileHandler' driver.
DEBUG - 2025-10-28 03:17:21 --> Session: Class initialized using 'CodeIgniter\Session\Handlers\FileHandler' driver.
ERROR - 2025-10-28 03:18:44 --> SQLite3Exception: CHECK constraint failed: gender IN ('male','female','other') in C:\xampp\htdocs\V-Track\system\Database\SQLite3\Connection.php:175
Stack trace:
#0 C:\xampp\htdocs\V-Track\system\Database\SQLite3\Connection.php(175): SQLite3->exec('UPDATE `members...')
#1 C:\xampp\htdocs\V-Track\system\Database\BaseConnection.php(729): CodeIgniter\Database\SQLite3\Connection->execute('UPDATE `members...')
#2 C:\xampp\htdocs\V-Track\system\Database\BaseConnection.php(646): CodeIgniter\Database\BaseConnection->simpleQuery('UPDATE `members...')
#3 C:\xampp\htdocs\V-Track\system\Database\BaseBuilder.php(2521): CodeIgniter\Database\BaseConnection->query('UPDATE `members...', Array, false)
#4 C:\xampp\htdocs\V-Track\system\Model.php(461): CodeIgniter\Database\BaseBuilder->update()
#5 C:\xampp\htdocs\V-Track\system\BaseModel.php(1025): CodeIgniter\Model->doUpdate(Array, Array)
#6 C:\xampp\htdocs\V-Track\system\Model.php(860): CodeIgniter\BaseModel->update(Array, Array)
#7 C:\xampp\htdocs\V-Track\app\Controllers\MemberController.php(38): CodeIgniter\Model->update('1', Array)
#8 C:\xampp\htdocs\V-Track\system\CodeIgniter.php(933): App\Controllers\MemberController->update()
#9 C:\xampp\htdocs\V-Track\system\CodeIgniter.php(507): CodeIgniter\CodeIgniter->runController(Object(App\Controllers\MemberController))
#10 C:\xampp\htdocs\V-Track\system\CodeIgniter.php(354): CodeIgniter\CodeIgniter->handleRequest(NULL, Object(Config\Cache), false)
#11 C:\xampp\htdocs\V-Track\system\Boot.php(363): CodeIgniter\CodeIgniter->run()
#12 C:\xampp\htdocs\V-Track\system\Boot.php(68): CodeIgniter\Boot::runCodeIgniter(Object(CodeIgniter\CodeIgniter))
#13 C:\xampp\htdocs\V-Track\public\index.php(59): CodeIgniter\Boot::bootWeb(Object(Config\Paths))
#14 {main}
ERROR - 2025-10-28 03:18:44 --> Member update failed: CHECK constraint failed: gender IN ('male','female','other')
ERROR - 2025-10-28 03:18:52 --> SQLite3Exception: CHECK constraint failed: gender IN ('male','female','other') in C:\xampp\htdocs\V-Track\system\Database\SQLite3\Connection.php:175
Stack trace:
#0 C:\xampp\htdocs\V-Track\system\Database\SQLite3\Connection.php(175): SQLite3->exec('UPDATE `members...')
#1 C:\xampp\htdocs\V-Track\system\Database\BaseConnection.php(729): CodeIgniter\Database\SQLite3\Connection->execute('UPDATE `members...')
#2 C:\xampp\htdocs\V-Track\system\Database\BaseConnection.php(646): CodeIgniter\Database\BaseConnection->simpleQuery('UPDATE `members...')
#3 C:\xampp\htdocs\V-Track\system\Database\BaseBuilder.php(2521): CodeIgniter\Database\BaseConnection->query('UPDATE `members...', Array, false)
#4 C:\xampp\htdocs\V-Track\system\Model.php(461): CodeIgniter\Database\BaseBuilder->update()
#5 C:\xampp\htdocs\V-Track\system\BaseModel.php(1025): CodeIgniter\Model->doUpdate(Array, Array)
#6 C:\xampp\htdocs\V-Track\system\Model.php(860): CodeIgniter\BaseModel->update(Array, Array)
#7 C:\xampp\htdocs\V-Track\app\Controllers\MemberController.php(38): CodeIgniter\Model->update('1', Array)
#8 C:\xampp\htdocs\V-Track\system\CodeIgniter.php(933): App\Controllers\MemberController->update()
#9 C:\xampp\htdocs\V-Track\system\CodeIgniter.php(507): CodeIgniter\CodeIgniter->runController(Object(App\Controllers\MemberController))
#10 C:\xampp\htdocs\V-Track\system\CodeIgniter.php(354): CodeIgniter\CodeIgniter->handleRequest(NULL, Object(Config\Cache), false)
#11 C:\xampp\htdocs\V-Track\system\Boot.php(363): CodeIgniter\CodeIgniter->run()
#12 C:\xampp\htdocs\V-Track\system\Boot.php(68): CodeIgniter\Boot::runCodeIgniter(Object(CodeIgniter\CodeIgniter))
#13 C:\xampp\htdocs\V-Track\public\index.php(59): CodeIgniter\Boot::bootWeb(Object(Config\Paths))
#14 {main}
ERROR - 2025-10-28 03:18:52 --> Member update failed: CHECK constraint failed: gender IN ('male','female','other')
ERROR - 2025-10-28 03:18:56 --> SQLite3Exception: CHECK constraint failed: gender IN ('male','female','other') in C:\xampp\htdocs\V-Track\system\Database\SQLite3\Connection.php:175
Stack trace:
#0 C:\xampp\htdocs\V-Track\system\Database\SQLite3\Connection.php(175): SQLite3->exec('UPDATE `members...')
#1 C:\xampp\htdocs\V-Track\system\Database\BaseConnection.php(729): CodeIgniter\Database\SQLite3\Connection->execute('UPDATE `members...')
#2 C:\xampp\htdocs\V-Track\system\Database\BaseConnection.php(646): CodeIgniter\Database\BaseConnection->simpleQuery('UPDATE `members...')
#3 C:\xampp\htdocs\V-Track\system\Database\BaseBuilder.php(2521): CodeIgniter\Database\BaseConnection->query('UPDATE `members...', Array, false)
#4 C:\xampp\htdocs\V-Track\system\Model.php(461): CodeIgniter\Database\BaseBuilder->update()
#5 C:\xampp\htdocs\V-Track\system\BaseModel.php(1025): CodeIgniter\Model->doUpdate(Array, Array)
#6 C:\xampp\htdocs\V-Track\system\Model.php(860): CodeIgniter\BaseModel->update(Array, Array)
#7 C:\xampp\htdocs\V-Track\app\Controllers\MemberController.php(38): CodeIgniter\Model->update('1', Array)
#8 C:\xampp\htdocs\V-Track\system\CodeIgniter.php(933): App\Controllers\MemberController->update()
#9 C:\xampp\htdocs\V-Track\system\CodeIgniter.php(507): CodeIgniter\CodeIgniter->runController(Object(App\Controllers\MemberController))
#10 C:\xampp\htdocs\V-Track\system\CodeIgniter.php(354): CodeIgniter\CodeIgniter->handleRequest(NULL, Object(Config\Cache), false)
#11 C:\xampp\htdocs\V-Track\system\Boot.php(363): CodeIgniter\CodeIgniter->run()
#12 C:\xampp\htdocs\V-Track\system\Boot.php(68): CodeIgniter\Boot::runCodeIgniter(Object(CodeIgniter\CodeIgniter))
#13 C:\xampp\htdocs\V-Track\public\index.php(59): CodeIgniter\Boot::bootWeb(Object(Config\Paths))
#14 {main}
ERROR - 2025-10-28 03:18:56 --> Member update failed: CHECK constraint failed: gender IN ('male','female','other')
DEBUG - 2025-10-28 03:22:47 --> Session: Class initialized using 'CodeIgniter\Session\Handlers\FileHandler' driver.
DEBUG - 2025-10-28 03:26:56 --> Session: Class initialized using 'CodeIgniter\Session\Handlers\FileHandler' driver.
DEBUG - 2025-10-28 03:27:30 --> Session: Class initialized using 'CodeIgniter\Session\Handlers\FileHandler' driver.
DEBUG - 2025-10-28 03:31:31 --> Session: Class initialized using 'CodeIgniter\Session\Handlers\FileHandler' driver.
DEBUG - 2025-10-28 03:33:15 --> Session: Class initialized using 'CodeIgniter\Session\Handlers\FileHandler' driver.
DEBUG - 2025-10-28 03:33:31 --> Session: Class initialized using 'CodeIgniter\Session\Handlers\FileHandler' driver.
DEBUG - 2025-10-28 03:34:31 --> Session: Class initialized using 'CodeIgniter\Session\Handlers\FileHandler' driver.
DEBUG - 2025-10-28 03:46:14 --> Session: Class initialized using 'CodeIgniter\Session\Handlers\FileHandler' driver.
DEBUG - 2025-10-28 03:46:14 --> Database file path: C:\xampp\htdocs\V-Track\writable\database\v-track.db
DEBUG - 2025-10-28 03:46:14 --> Session: Class initialized using 'CodeIgniter\Session\Handlers\FileHandler' driver.
DEBUG - 2025-10-28 03:46:16 --> Session: Class initialized using 'CodeIgniter\Session\Handlers\FileHandler' driver.
DEBUG - 2025-10-28 03:47:19 --> Session: Class initialized using 'CodeIgniter\Session\Handlers\FileHandler' driver.
DEBUG - 2025-10-28 03:47:19 --> Database file path: C:\xampp\htdocs\V-Track\writable\database\v-track.db
DEBUG - 2025-10-28 03:47:19 --> Session: Class initialized using 'CodeIgniter\Session\Handlers\FileHandler' driver.
DEBUG - 2025-10-28 03:57:12 --> Session: Class initialized using 'CodeIgniter\Session\Handlers\FileHandler' driver.
WARNING - 2025-10-28 04:00:47 --> [DEPRECATED] fputcsv(): the $escape parameter must be provided as its default value will change in APPPATH\Controllers\Pages.php on line 68.
 1 APPPATH\Controllers\Pages.php(68): fputcsv(resource (stream), [...])
 2 SYSTEMPATH\CodeIgniter.php(933): App\Controllers\Pages->generateReport()
 3 SYSTEMPATH\CodeIgniter.php(507): CodeIgniter\CodeIgniter->runController(Object(App\Controllers\Pages))
 4 SYSTEMPATH\CodeIgniter.php(354): CodeIgniter\CodeIgniter->handleRequest(null, Object(Config\Cache), false)
 5 SYSTEMPATH\Boot.php(363): CodeIgniter\CodeIgniter->run()
 6 SYSTEMPATH\Boot.php(68): CodeIgniter\Boot::runCodeIgniter(Object(CodeIgniter\CodeIgniter))
 7 FCPATH\index.php(59): CodeIgniter\Boot::bootWeb(Object(Config\Paths))
WARNING - 2025-10-28 04:00:47 --> [DEPRECATED] fputcsv(): the $escape parameter must be provided as its default value will change in APPPATH\Controllers\Pages.php on line 76.
 1 APPPATH\Controllers\Pages.php(76): fputcsv(resource (stream), [...])
 2 SYSTEMPATH\CodeIgniter.php(933): App\Controllers\Pages->generateReport()
 3 SYSTEMPATH\CodeIgniter.php(507): CodeIgniter\CodeIgniter->runController(Object(App\Controllers\Pages))
 4 SYSTEMPATH\CodeIgniter.php(354): CodeIgniter\CodeIgniter->handleRequest(null, Object(Config\Cache), false)
 5 SYSTEMPATH\Boot.php(363): CodeIgniter\CodeIgniter->run()
 6 SYSTEMPATH\Boot.php(68): CodeIgniter\Boot::runCodeIgniter(Object(CodeIgniter\CodeIgniter))
 7 FCPATH\index.php(59): CodeIgniter\Boot::bootWeb(Object(Config\Paths))
WARNING - 2025-10-28 04:00:47 --> [DEPRECATED] fputcsv(): the $escape parameter must be provided as its default value will change in APPPATH\Controllers\Pages.php on line 76.
 1 APPPATH\Controllers\Pages.php(76): fputcsv(resource (stream), [...])
 2 SYSTEMPATH\CodeIgniter.php(933): App\Controllers\Pages->generateReport()
 3 SYSTEMPATH\CodeIgniter.php(507): CodeIgniter\CodeIgniter->runController(Object(App\Controllers\Pages))
 4 SYSTEMPATH\CodeIgniter.php(354): CodeIgniter\CodeIgniter->handleRequest(null, Object(Config\Cache), false)
 5 SYSTEMPATH\Boot.php(363): CodeIgniter\CodeIgniter->run()
 6 SYSTEMPATH\Boot.php(68): CodeIgniter\Boot::runCodeIgniter(Object(CodeIgniter\CodeIgniter))
 7 FCPATH\index.php(59): CodeIgniter\Boot::bootWeb(Object(Config\Paths))
WARNING - 2025-10-28 04:00:47 --> [DEPRECATED] fputcsv(): the $escape parameter must be provided as its default value will change in APPPATH\Controllers\Pages.php on line 76.
 1 APPPATH\Controllers\Pages.php(76): fputcsv(resource (stream), [...])
 2 SYSTEMPATH\CodeIgniter.php(933): App\Controllers\Pages->generateReport()
 3 SYSTEMPATH\CodeIgniter.php(507): CodeIgniter\CodeIgniter->runController(Object(App\Controllers\Pages))
 4 SYSTEMPATH\CodeIgniter.php(354): CodeIgniter\CodeIgniter->handleRequest(null, Object(Config\Cache), false)
 5 SYSTEMPATH\Boot.php(363): CodeIgniter\CodeIgniter->run()
 6 SYSTEMPATH\Boot.php(68): CodeIgniter\Boot::runCodeIgniter(Object(CodeIgniter\CodeIgniter))
 7 FCPATH\index.php(59): CodeIgniter\Boot::bootWeb(Object(Config\Paths))
WARNING - 2025-10-28 04:00:47 --> [DEPRECATED] fputcsv(): the $escape parameter must be provided as its default value will change in APPPATH\Controllers\Pages.php on line 76.
 1 APPPATH\Controllers\Pages.php(76): fputcsv(resource (stream), [...])
 2 SYSTEMPATH\CodeIgniter.php(933): App\Controllers\Pages->generateReport()
 3 SYSTEMPATH\CodeIgniter.php(507): CodeIgniter\CodeIgniter->runController(Object(App\Controllers\Pages))
 4 SYSTEMPATH\CodeIgniter.php(354): CodeIgniter\CodeIgniter->handleRequest(null, Object(Config\Cache), false)
 5 SYSTEMPATH\Boot.php(363): CodeIgniter\CodeIgniter->run()
 6 SYSTEMPATH\Boot.php(68): CodeIgniter\Boot::runCodeIgniter(Object(CodeIgniter\CodeIgniter))
 7 FCPATH\index.php(59): CodeIgniter\Boot::bootWeb(Object(Config\Paths))
