DEBUG - 2025-11-05 04:16:54 --> Session: Class initialized using 'CodeIgniter\Session\Handlers\FileHandler' driver.
DEBUG - 2025-11-05 04:16:54 --> Database file path: C:\xampp\htdocs\V-Track\writable\database\v-track.db
DEBUG - 2025-11-05 04:16:54 --> Session: Class initialized using 'CodeIgniter\Session\Handlers\FileHandler' driver.
DEBUG - 2025-11-05 04:18:42 --> Session: Class initialized using 'CodeIgniter\Session\Handlers\FileHandler' driver.
DEBUG - 2025-11-05 06:34:47 --> Session: Class initialized using 'CodeIgniter\Session\Handlers\FileHandler' driver.
DEBUG - 2025-11-05 06:34:47 --> Database file path: C:\xampp\htdocs\V-Track\writable\database\v-track.db
DEBUG - 2025-11-05 06:34:47 --> Session: Class initialized using 'CodeIgniter\Session\Handlers\FileHandler' driver.
DEBUG - 2025-11-05 06:35:23 --> Session: Class initialized using 'CodeIgniter\Session\Handlers\FileHandler' driver.
DEBUG - 2025-11-05 06:35:23 --> Database file path: C:\xampp\htdocs\V-Track\writable\database\v-track.db
DEBUG - 2025-11-05 06:35:23 --> Session: Class initialized using 'CodeIgniter\Session\Handlers\FileHandler' driver.
CRITICAL - 2025-11-05 08:03:18 --> CodeIgniter\Exceptions\CriticalError: The required PHP extension "mysqli" is not loaded. Install and enable it to use "MySQLi" driver.
[Method: CLI, Route: migrate]
in SYSTEMPATH\Database\Database.php on line 182.
 1 SYSTEMPATH\Database\Database.php(59): CodeIgniter\Database\Database->checkDbExtension('MySQLi')
 2 SYSTEMPATH\Database\Config.php(82): CodeIgniter\Database\Database->load([...], 'mysql')
 3 SYSTEMPATH\Common.php(361): CodeIgniter\Database\Config::connect('mysql', true)
 4 SYSTEMPATH\Database\MigrationRunner.php(145): db_connect(null)
 5 SYSTEMPATH\Config\Services.php(421): CodeIgniter\Database\MigrationRunner->__construct(Object(Config\Migrations), null)
 6 SYSTEMPATH\Config\BaseService.php(312): CodeIgniter\Config\Services::migrations(Object(Config\Migrations), null, false)
 7 SYSTEMPATH\Config\BaseService.php(251): CodeIgniter\Config\BaseService::__callStatic('migrations', [...])
 8 SYSTEMPATH\Config\Services.php(416): CodeIgniter\Config\BaseService::getSharedInstance('migrations', null, null)
 9 SYSTEMPATH\Config\BaseService.php(321): CodeIgniter\Config\Services::migrations()
10 SYSTEMPATH\Config\BaseService.php(202): CodeIgniter\Config\BaseService::__callStatic('migrations', [])
11 SYSTEMPATH\Common.php(995): CodeIgniter\Config\BaseService::get('migrations')
12 SYSTEMPATH\Commands\Database\Migrate.php(70): service('migrations')
13 SYSTEMPATH\CLI\Commands.php(74): CodeIgniter\Commands\Database\Migrate->run([...])
14 SYSTEMPATH\CLI\Console.php(47): CodeIgniter\CLI\Commands->run('migrate', [...])
15 SYSTEMPATH\Boot.php(388): CodeIgniter\CLI\Console->run()
16 SYSTEMPATH\Boot.php(133): CodeIgniter\Boot::runCommand(Object(CodeIgniter\CLI\Console))
17 ROOTPATH\spark(87): CodeIgniter\Boot::bootSpark(Object(Config\Paths))
ERROR - 2025-11-05 08:18:19 --> Error connecting to the database: mysqli_sql_exception: No connection could be made because the target machine actively refused it in C:\xampp\htdocs\V-Track\system\Database\MySQLi\Connection.php:201
Stack trace:
#0 C:\xampp\htdocs\V-Track\system\Database\MySQLi\Connection.php(201): mysqli->real_connect('127.0.0.1', 'root', Object(SensitiveParameterValue), 'v_track', 3306, '', 0)
#1 C:\xampp\htdocs\V-Track\system\Database\BaseConnection.php(419): CodeIgniter\Database\MySQLi\Connection->connect(false)
#2 C:\xampp\htdocs\V-Track\system\Database\Database.php(72): CodeIgniter\Database\BaseConnection->initialize()
#3 C:\xampp\htdocs\V-Track\system\Database\Config.php(109): CodeIgniter\Database\Database->loadForge(Object(CodeIgniter\Database\MySQLi\Connection))
#4 C:\xampp\htdocs\V-Track\system\Database\Seeder.php(98): CodeIgniter\Database\Config::forge(NULL)
#5 C:\xampp\htdocs\V-Track\system\Commands\Database\Seed.php(71): CodeIgniter\Database\Seeder->__construct(Object(Config\Database))
#6 C:\xampp\htdocs\V-Track\system\CLI\Commands.php(74): CodeIgniter\Commands\Database\Seed->run(Array)
#7 C:\xampp\htdocs\V-Track\system\CLI\Console.php(47): CodeIgniter\CLI\Commands->run('db:seed', Array)
#8 C:\xampp\htdocs\V-Track\system\Boot.php(388): CodeIgniter\CLI\Console->run()
#9 C:\xampp\htdocs\V-Track\system\Boot.php(133): CodeIgniter\Boot::runCommand(Object(CodeIgniter\CLI\Console))
#10 C:\xampp\htdocs\V-Track\spark(87): CodeIgniter\Boot::bootSpark(Object(Config\Paths))
#11 {main}

Next CodeIgniter\Database\Exceptions\DatabaseException: No connection could be made because the target machine actively refused it in C:\xampp\htdocs\V-Track\system\Database\MySQLi\Connection.php:246
Stack trace:
#0 C:\xampp\htdocs\V-Track\system\Database\BaseConnection.php(419): CodeIgniter\Database\MySQLi\Connection->connect(false)
#1 C:\xampp\htdocs\V-Track\system\Database\Database.php(72): CodeIgniter\Database\BaseConnection->initialize()
#2 C:\xampp\htdocs\V-Track\system\Database\Config.php(109): CodeIgniter\Database\Database->loadForge(Object(CodeIgniter\Database\MySQLi\Connection))
#3 C:\xampp\htdocs\V-Track\system\Database\Seeder.php(98): CodeIgniter\Database\Config::forge(NULL)
#4 C:\xampp\htdocs\V-Track\system\Commands\Database\Seed.php(71): CodeIgniter\Database\Seeder->__construct(Object(Config\Database))
#5 C:\xampp\htdocs\V-Track\system\CLI\Commands.php(74): CodeIgniter\Commands\Database\Seed->run(Array)
#6 C:\xampp\htdocs\V-Track\system\CLI\Console.php(47): CodeIgniter\CLI\Commands->run('db:seed', Array)
#7 C:\xampp\htdocs\V-Track\system\Boot.php(388): CodeIgniter\CLI\Console->run()
#8 C:\xampp\htdocs\V-Track\system\Boot.php(133): CodeIgniter\Boot::runCommand(Object(CodeIgniter\CLI\Console))
#9 C:\xampp\htdocs\V-Track\spark(87): CodeIgniter\Boot::bootSpark(Object(Config\Paths))
#10 {main}
CRITICAL - 2025-11-05 08:18:19 --> CodeIgniter\Database\Exceptions\DatabaseException: Unable to connect to the database.
Main connection [MySQLi]: No connection could be made because the target machine actively refused it
[Method: CLI, Route: db:seed/RoadsSeederphp]
in SYSTEMPATH\Database\BaseConnection.php on line 465.
 1 SYSTEMPATH\Database\Database.php(72): CodeIgniter\Database\BaseConnection->initialize()
 2 SYSTEMPATH\Database\Config.php(109): CodeIgniter\Database\Database->loadForge(Object(CodeIgniter\Database\MySQLi\Connection))
 3 SYSTEMPATH\Database\Seeder.php(98): CodeIgniter\Database\Config::forge(null)
 4 SYSTEMPATH\Commands\Database\Seed.php(71): CodeIgniter\Database\Seeder->__construct(Object(Config\Database))
 5 SYSTEMPATH\CLI\Commands.php(74): CodeIgniter\Commands\Database\Seed->run([...])
 6 SYSTEMPATH\CLI\Console.php(47): CodeIgniter\CLI\Commands->run('db:seed', [...])
 7 SYSTEMPATH\Boot.php(388): CodeIgniter\CLI\Console->run()
 8 SYSTEMPATH\Boot.php(133): CodeIgniter\Boot::runCommand(Object(CodeIgniter\CLI\Console))
 9 ROOTPATH\spark(87): CodeIgniter\Boot::bootSpark(Object(Config\Paths))
ERROR - 2025-11-05 08:34:42 --> mysqli_sql_exception: Table 'v_track.homes' doesn't exist in C:\xampp\htdocs\V-Track\system\Database\MySQLi\Connection.php:327
Stack trace:
#0 C:\xampp\htdocs\V-Track\system\Database\MySQLi\Connection.php(327): mysqli->query('SHOW COLUMNS FR...', 0)
#1 C:\xampp\htdocs\V-Track\system\Database\BaseConnection.php(729): CodeIgniter\Database\MySQLi\Connection->execute('SHOW COLUMNS FR...')
#2 C:\xampp\htdocs\V-Track\system\Database\BaseConnection.php(646): CodeIgniter\Database\BaseConnection->simpleQuery('SHOW COLUMNS FR...')
#3 C:\xampp\htdocs\V-Track\system\Database\BaseConnection.php(1606): CodeIgniter\Database\BaseConnection->query('SHOW COLUMNS FR...')
#4 C:\xampp\htdocs\V-Track\app\Database\Migrations\2025-11-03-101000_AddLocationColumnsToHomes.php(14): CodeIgniter\Database\BaseConnection->getFieldNames('homes')
#5 C:\xampp\htdocs\V-Track\system\Database\MigrationRunner.php(876): App\Database\Migrations\AddLocationColumnsToHomes->up()
#6 C:\xampp\htdocs\V-Track\system\Database\MigrationRunner.php(182): CodeIgniter\Database\MigrationRunner->migrate('up', Object(stdClass))
#7 C:\xampp\htdocs\V-Track\system\Commands\Database\Migrate.php(85): CodeIgniter\Database\MigrationRunner->latest(NULL)
#8 C:\xampp\htdocs\V-Track\system\CLI\Commands.php(74): CodeIgniter\Commands\Database\Migrate->run(Array)
#9 C:\xampp\htdocs\V-Track\system\CLI\Console.php(47): CodeIgniter\CLI\Commands->run('migrate', Array)
#10 C:\xampp\htdocs\V-Track\system\Boot.php(388): CodeIgniter\CLI\Console->run()
#11 C:\xampp\htdocs\V-Track\system\Boot.php(133): CodeIgniter\Boot::runCommand(Object(CodeIgniter\CLI\Console))
#12 C:\xampp\htdocs\V-Track\spark(87): CodeIgniter\Boot::bootSpark(Object(Config\Paths))
#13 {main}
ERROR - 2025-11-05 08:34:42 --> mysqli_sql_exception: Table 'v_track.homes' doesn't exist in C:\xampp\htdocs\V-Track\system\Database\MySQLi\Connection.php:327
Stack trace:
#0 C:\xampp\htdocs\V-Track\system\Database\MySQLi\Connection.php(327): mysqli->query('ALTER TABLE `ho...', 0)
#1 C:\xampp\htdocs\V-Track\system\Database\BaseConnection.php(729): CodeIgniter\Database\MySQLi\Connection->execute('ALTER TABLE `ho...')
#2 C:\xampp\htdocs\V-Track\system\Database\BaseConnection.php(646): CodeIgniter\Database\BaseConnection->simpleQuery('ALTER TABLE `ho...')
#3 C:\xampp\htdocs\V-Track\system\Database\Forge.php(772): CodeIgniter\Database\BaseConnection->query('ALTER TABLE `ho...')
#4 C:\xampp\htdocs\V-Track\app\Database\Migrations\2025-11-03-101000_AddLocationColumnsToHomes.php(31): CodeIgniter\Database\Forge->addColumn('homes', Array)
#5 C:\xampp\htdocs\V-Track\system\Database\MigrationRunner.php(876): App\Database\Migrations\AddLocationColumnsToHomes->up()
#6 C:\xampp\htdocs\V-Track\system\Database\MigrationRunner.php(182): CodeIgniter\Database\MigrationRunner->migrate('up', Object(stdClass))
#7 C:\xampp\htdocs\V-Track\system\Commands\Database\Migrate.php(85): CodeIgniter\Database\MigrationRunner->latest(NULL)
#8 C:\xampp\htdocs\V-Track\system\CLI\Commands.php(74): CodeIgniter\Commands\Database\Migrate->run(Array)
#9 C:\xampp\htdocs\V-Track\system\CLI\Console.php(47): CodeIgniter\CLI\Commands->run('migrate', Array)
#10 C:\xampp\htdocs\V-Track\system\Boot.php(388): CodeIgniter\CLI\Console->run()
#11 C:\xampp\htdocs\V-Track\system\Boot.php(133): CodeIgniter\Boot::runCommand(Object(CodeIgniter\CLI\Console))
#12 C:\xampp\htdocs\V-Track\spark(87): CodeIgniter\Boot::bootSpark(Object(Config\Paths))
#13 {main}
ERROR - 2025-11-05 08:36:45 --> mysqli_sql_exception: You have an error in your SQL syntax; check the manual that corresponds to your MariaDB server version for the right syntax to use near 'TRANSACTION;
CREATE TABLE IF NOT EXISTS homes_new (
    id INTEGER PRIMARY ...' at line 1 in C:\xampp\htdocs\V-Track\system\Database\MySQLi\Connection.php:327
Stack trace:
#0 C:\xampp\htdocs\V-Track\system\Database\MySQLi\Connection.php(327): mysqli->query('BEGIN TRANSACTI...', 0)
#1 C:\xampp\htdocs\V-Track\system\Database\BaseConnection.php(729): CodeIgniter\Database\MySQLi\Connection->execute('BEGIN TRANSACTI...')
#2 C:\xampp\htdocs\V-Track\system\Database\BaseConnection.php(646): CodeIgniter\Database\BaseConnection->simpleQuery('BEGIN TRANSACTI...')
#3 C:\xampp\htdocs\V-Track\app\Database\Migrations\2025-11-03-102000_RemoveHomeNumberFromHomes.php(33): CodeIgniter\Database\BaseConnection->query('BEGIN TRANSACTI...')
#4 C:\xampp\htdocs\V-Track\system\Database\MigrationRunner.php(876): App\Database\Migrations\RemoveHomeNumberFromHomes->up()
#5 C:\xampp\htdocs\V-Track\system\Database\MigrationRunner.php(182): CodeIgniter\Database\MigrationRunner->migrate('up', Object(stdClass))
#6 C:\xampp\htdocs\V-Track\system\Commands\Database\Migrate.php(85): CodeIgniter\Database\MigrationRunner->latest(NULL)
#7 C:\xampp\htdocs\V-Track\system\CLI\Commands.php(74): CodeIgniter\Commands\Database\Migrate->run(Array)
#8 C:\xampp\htdocs\V-Track\system\CLI\Console.php(47): CodeIgniter\CLI\Commands->run('migrate', Array)
#9 C:\xampp\htdocs\V-Track\system\Boot.php(388): CodeIgniter\CLI\Console->run()
#10 C:\xampp\htdocs\V-Track\system\Boot.php(133): CodeIgniter\Boot::runCommand(Object(CodeIgniter\CLI\Console))
#11 C:\xampp\htdocs\V-Track\spark(87): CodeIgniter\Boot::bootSpark(Object(Config\Paths))
#12 {main}
ERROR - 2025-11-05 08:36:45 --> RemoveHomeNumberFromHomes migration failed: You have an error in your SQL syntax; check the manual that corresponds to your MariaDB server version for the right syntax to use near 'TRANSACTION;
CREATE TABLE IF NOT EXISTS homes_new (
    id INTEGER PRIMARY ...' at line 1
DEBUG - 2025-11-05 08:45:12 --> Session: Class initialized using 'CodeIgniter\Session\Handlers\FileHandler' driver.
DEBUG - 2025-11-05 08:45:12 --> Database file path: v_track
ERROR - 2025-11-05 08:45:12 --> mysqli_sql_exception: Table 'v_track.users' doesn't exist in C:\xampp\htdocs\V-Track\system\Database\MySQLi\Connection.php:327
Stack trace:
#0 C:\xampp\htdocs\V-Track\system\Database\MySQLi\Connection.php(327): mysqli->query('SELECT *\nFROM `...', 0)
#1 C:\xampp\htdocs\V-Track\system\Database\BaseConnection.php(729): CodeIgniter\Database\MySQLi\Connection->execute('SELECT *\nFROM `...')
#2 C:\xampp\htdocs\V-Track\system\Database\BaseConnection.php(646): CodeIgniter\Database\BaseConnection->simpleQuery('SELECT *\nFROM `...')
#3 C:\xampp\htdocs\V-Track\system\Database\BaseBuilder.php(1649): CodeIgniter\Database\BaseConnection->query('SELECT *\nFROM `...', Array, false)
#4 C:\xampp\htdocs\V-Track\system\Model.php(330): CodeIgniter\Database\BaseBuilder->get()
#5 C:\xampp\htdocs\V-Track\system\BaseModel.php(715): CodeIgniter\Model->doFirst()
#6 C:\xampp\htdocs\V-Track\app\Models\UserModel.php(15): CodeIgniter\BaseModel->first()
#7 C:\xampp\htdocs\V-Track\app\Controllers\Login.php(27): App\Models\UserModel->getUserByUsername('admin')
#8 C:\xampp\htdocs\V-Track\system\CodeIgniter.php(933): App\Controllers\Login->authenticate()
#9 C:\xampp\htdocs\V-Track\system\CodeIgniter.php(507): CodeIgniter\CodeIgniter->runController(Object(App\Controllers\Login))
#10 C:\xampp\htdocs\V-Track\system\CodeIgniter.php(354): CodeIgniter\CodeIgniter->handleRequest(NULL, Object(Config\Cache), false)
#11 C:\xampp\htdocs\V-Track\system\Boot.php(363): CodeIgniter\CodeIgniter->run()
#12 C:\xampp\htdocs\V-Track\system\Boot.php(68): CodeIgniter\Boot::runCodeIgniter(Object(CodeIgniter\CodeIgniter))
#13 C:\xampp\htdocs\V-Track\public\index.php(59): CodeIgniter\Boot::bootWeb(Object(Config\Paths))
#14 {main}
CRITICAL - 2025-11-05 08:45:12 --> CodeIgniter\Database\Exceptions\DatabaseException: Table 'v_track.users' doesn't exist
[Method: POST, Route: login]
in SYSTEMPATH\Database\BaseConnection.php on line 684.
 1 SYSTEMPATH\Database\BaseBuilder.php(1649): CodeIgniter\Database\BaseConnection->query('SELECT *
FROM `users`
WHERE `username` = :username:
 LIMIT 1', [...], false)
 2 SYSTEMPATH\Model.php(330): CodeIgniter\Database\BaseBuilder->get()
 3 SYSTEMPATH\BaseModel.php(715): CodeIgniter\Model->doFirst()
 4 APPPATH\Models\UserModel.php(15): CodeIgniter\BaseModel->first()
 5 APPPATH\Controllers\Login.php(27): App\Models\UserModel->getUserByUsername('admin')
 6 SYSTEMPATH\CodeIgniter.php(933): App\Controllers\Login->authenticate()
 7 SYSTEMPATH\CodeIgniter.php(507): CodeIgniter\CodeIgniter->runController(Object(App\Controllers\Login))
 8 SYSTEMPATH\CodeIgniter.php(354): CodeIgniter\CodeIgniter->handleRequest(null, Object(Config\Cache), false)
 9 SYSTEMPATH\Boot.php(363): CodeIgniter\CodeIgniter->run()
10 SYSTEMPATH\Boot.php(68): CodeIgniter\Boot::runCodeIgniter(Object(CodeIgniter\CodeIgniter))
11 FCPATH\index.php(59): CodeIgniter\Boot::bootWeb(Object(Config\Paths))
CRITICAL - 2025-11-05 08:45:12 --> [Caused by] CodeIgniter\Database\Exceptions\DatabaseException: Table 'v_track.users' doesn't exist
in SYSTEMPATH\Database\MySQLi\Connection.php on line 332.
 1 SYSTEMPATH\Database\BaseConnection.php(729): CodeIgniter\Database\MySQLi\Connection->execute('SELECT *
FROM `users`
WHERE `username` = \'admin\'
 LIMIT 1')
 2 SYSTEMPATH\Database\BaseConnection.php(646): CodeIgniter\Database\BaseConnection->simpleQuery('SELECT *
FROM `users`
WHERE `username` = \'admin\'
 LIMIT 1')
 3 SYSTEMPATH\Database\BaseBuilder.php(1649): CodeIgniter\Database\BaseConnection->query('SELECT *
FROM `users`
WHERE `username` = :username:
 LIMIT 1', [...], false)
 4 SYSTEMPATH\Model.php(330): CodeIgniter\Database\BaseBuilder->get()
 5 SYSTEMPATH\BaseModel.php(715): CodeIgniter\Model->doFirst()
 6 APPPATH\Models\UserModel.php(15): CodeIgniter\BaseModel->first()
 7 APPPATH\Controllers\Login.php(27): App\Models\UserModel->getUserByUsername('admin')
 8 SYSTEMPATH\CodeIgniter.php(933): App\Controllers\Login->authenticate()
 9 SYSTEMPATH\CodeIgniter.php(507): CodeIgniter\CodeIgniter->runController(Object(App\Controllers\Login))
10 SYSTEMPATH\CodeIgniter.php(354): CodeIgniter\CodeIgniter->handleRequest(null, Object(Config\Cache), false)
11 SYSTEMPATH\Boot.php(363): CodeIgniter\CodeIgniter->run()
12 SYSTEMPATH\Boot.php(68): CodeIgniter\Boot::runCodeIgniter(Object(CodeIgniter\CodeIgniter))
13 FCPATH\index.php(59): CodeIgniter\Boot::bootWeb(Object(Config\Paths))
CRITICAL - 2025-11-05 08:45:12 --> [Caused by] mysqli_sql_exception: Table 'v_track.users' doesn't exist
in SYSTEMPATH\Database\MySQLi\Connection.php on line 327.
 1 SYSTEMPATH\Database\MySQLi\Connection.php(327): mysqli->query('SELECT *
FROM `users`
WHERE `username` = \'admin\'
 LIMIT 1', 0)
 2 SYSTEMPATH\Database\BaseConnection.php(729): CodeIgniter\Database\MySQLi\Connection->execute('SELECT *
FROM `users`
WHERE `username` = \'admin\'
 LIMIT 1')
 3 SYSTEMPATH\Database\BaseConnection.php(646): CodeIgniter\Database\BaseConnection->simpleQuery('SELECT *
FROM `users`
WHERE `username` = \'admin\'
 LIMIT 1')
 4 SYSTEMPATH\Database\BaseBuilder.php(1649): CodeIgniter\Database\BaseConnection->query('SELECT *
FROM `users`
WHERE `username` = :username:
 LIMIT 1', [...], false)
 5 SYSTEMPATH\Model.php(330): CodeIgniter\Database\BaseBuilder->get()
 6 SYSTEMPATH\BaseModel.php(715): CodeIgniter\Model->doFirst()
 7 APPPATH\Models\UserModel.php(15): CodeIgniter\BaseModel->first()
 8 APPPATH\Controllers\Login.php(27): App\Models\UserModel->getUserByUsername('admin')
 9 SYSTEMPATH\CodeIgniter.php(933): App\Controllers\Login->authenticate()
10 SYSTEMPATH\CodeIgniter.php(507): CodeIgniter\CodeIgniter->runController(Object(App\Controllers\Login))
11 SYSTEMPATH\CodeIgniter.php(354): CodeIgniter\CodeIgniter->handleRequest(null, Object(Config\Cache), false)
12 SYSTEMPATH\Boot.php(363): CodeIgniter\CodeIgniter->run()
13 SYSTEMPATH\Boot.php(68): CodeIgniter\Boot::runCodeIgniter(Object(CodeIgniter\CodeIgniter))
14 FCPATH\index.php(59): CodeIgniter\Boot::bootWeb(Object(Config\Paths))
DEBUG - 2025-11-05 08:52:06 --> Session: Class initialized using 'CodeIgniter\Session\Handlers\FileHandler' driver.
DEBUG - 2025-11-05 08:52:07 --> Database file path: v_track
ERROR - 2025-11-05 08:52:09 --> Error connecting to the database: mysqli_sql_exception: No connection could be made because the target machine actively refused it in C:\xampp\htdocs\V-Track\system\Database\MySQLi\Connection.php:201
Stack trace:
#0 C:\xampp\htdocs\V-Track\system\Database\MySQLi\Connection.php(201): mysqli->real_connect('127.0.0.1', 'root', Object(SensitiveParameterValue), 'v_track', 3306, '', 0)
#1 C:\xampp\htdocs\V-Track\system\Database\BaseConnection.php(419): CodeIgniter\Database\MySQLi\Connection->connect(false)
#2 C:\xampp\htdocs\V-Track\system\Database\BaseConnection.php(614): CodeIgniter\Database\BaseConnection->initialize()
#3 C:\xampp\htdocs\V-Track\system\Database\BaseBuilder.php(1649): CodeIgniter\Database\BaseConnection->query('SELECT *\nFROM `...', Array, false)
#4 C:\xampp\htdocs\V-Track\system\Model.php(330): CodeIgniter\Database\BaseBuilder->get()
#5 C:\xampp\htdocs\V-Track\system\BaseModel.php(715): CodeIgniter\Model->doFirst()
#6 C:\xampp\htdocs\V-Track\app\Models\UserModel.php(15): CodeIgniter\BaseModel->first()
#7 C:\xampp\htdocs\V-Track\app\Controllers\Login.php(27): App\Models\UserModel->getUserByUsername('admin')
#8 C:\xampp\htdocs\V-Track\system\CodeIgniter.php(933): App\Controllers\Login->authenticate()
#9 C:\xampp\htdocs\V-Track\system\CodeIgniter.php(507): CodeIgniter\CodeIgniter->runController(Object(App\Controllers\Login))
#10 C:\xampp\htdocs\V-Track\system\CodeIgniter.php(354): CodeIgniter\CodeIgniter->handleRequest(NULL, Object(Config\Cache), false)
#11 C:\xampp\htdocs\V-Track\system\Boot.php(363): CodeIgniter\CodeIgniter->run()
#12 C:\xampp\htdocs\V-Track\system\Boot.php(68): CodeIgniter\Boot::runCodeIgniter(Object(CodeIgniter\CodeIgniter))
#13 C:\xampp\htdocs\V-Track\public\index.php(59): CodeIgniter\Boot::bootWeb(Object(Config\Paths))
#14 {main}

Next CodeIgniter\Database\Exceptions\DatabaseException: No connection could be made because the target machine actively refused it in C:\xampp\htdocs\V-Track\system\Database\MySQLi\Connection.php:246
Stack trace:
#0 C:\xampp\htdocs\V-Track\system\Database\BaseConnection.php(419): CodeIgniter\Database\MySQLi\Connection->connect(false)
#1 C:\xampp\htdocs\V-Track\system\Database\BaseConnection.php(614): CodeIgniter\Database\BaseConnection->initialize()
#2 C:\xampp\htdocs\V-Track\system\Database\BaseBuilder.php(1649): CodeIgniter\Database\BaseConnection->query('SELECT *\nFROM `...', Array, false)
#3 C:\xampp\htdocs\V-Track\system\Model.php(330): CodeIgniter\Database\BaseBuilder->get()
#4 C:\xampp\htdocs\V-Track\system\BaseModel.php(715): CodeIgniter\Model->doFirst()
#5 C:\xampp\htdocs\V-Track\app\Models\UserModel.php(15): CodeIgniter\BaseModel->first()
#6 C:\xampp\htdocs\V-Track\app\Controllers\Login.php(27): App\Models\UserModel->getUserByUsername('admin')
#7 C:\xampp\htdocs\V-Track\system\CodeIgniter.php(933): App\Controllers\Login->authenticate()
#8 C:\xampp\htdocs\V-Track\system\CodeIgniter.php(507): CodeIgniter\CodeIgniter->runController(Object(App\Controllers\Login))
#9 C:\xampp\htdocs\V-Track\system\CodeIgniter.php(354): CodeIgniter\CodeIgniter->handleRequest(NULL, Object(Config\Cache), false)
#10 C:\xampp\htdocs\V-Track\system\Boot.php(363): CodeIgniter\CodeIgniter->run()
#11 C:\xampp\htdocs\V-Track\system\Boot.php(68): CodeIgniter\Boot::runCodeIgniter(Object(CodeIgniter\CodeIgniter))
#12 C:\xampp\htdocs\V-Track\public\index.php(59): CodeIgniter\Boot::bootWeb(Object(Config\Paths))
#13 {main}
CRITICAL - 2025-11-05 08:52:09 --> CodeIgniter\Database\Exceptions\DatabaseException: Unable to connect to the database.
Main connection [MySQLi]: No connection could be made because the target machine actively refused it
[Method: POST, Route: login]
in SYSTEMPATH\Database\BaseConnection.php on line 465.
 1 SYSTEMPATH\Database\BaseConnection.php(614): CodeIgniter\Database\BaseConnection->initialize()
 2 SYSTEMPATH\Database\BaseBuilder.php(1649): CodeIgniter\Database\BaseConnection->query('SELECT *
FROM `users`
WHERE `username` = :username:
 LIMIT 1', [...], false)
 3 SYSTEMPATH\Model.php(330): CodeIgniter\Database\BaseBuilder->get()
 4 SYSTEMPATH\BaseModel.php(715): CodeIgniter\Model->doFirst()
 5 APPPATH\Models\UserModel.php(15): CodeIgniter\BaseModel->first()
 6 APPPATH\Controllers\Login.php(27): App\Models\UserModel->getUserByUsername('admin')
 7 SYSTEMPATH\CodeIgniter.php(933): App\Controllers\Login->authenticate()
 8 SYSTEMPATH\CodeIgniter.php(507): CodeIgniter\CodeIgniter->runController(Object(App\Controllers\Login))
 9 SYSTEMPATH\CodeIgniter.php(354): CodeIgniter\CodeIgniter->handleRequest(null, Object(Config\Cache), false)
10 SYSTEMPATH\Boot.php(363): CodeIgniter\CodeIgniter->run()
11 SYSTEMPATH\Boot.php(68): CodeIgniter\Boot::runCodeIgniter(Object(CodeIgniter\CodeIgniter))
12 FCPATH\index.php(59): CodeIgniter\Boot::bootWeb(Object(Config\Paths))
DEBUG - 2025-11-05 08:52:09 --> Session: Class initialized using 'CodeIgniter\Session\Handlers\FileHandler' driver.
DEBUG - 2025-11-05 08:52:09 --> Database file path: v_track
ERROR - 2025-11-05 08:52:11 --> Error connecting to the database: mysqli_sql_exception: No connection could be made because the target machine actively refused it in C:\xampp\htdocs\V-Track\system\Database\MySQLi\Connection.php:201
Stack trace:
#0 C:\xampp\htdocs\V-Track\system\Database\MySQLi\Connection.php(201): mysqli->real_connect('127.0.0.1', 'root', Object(SensitiveParameterValue), 'v_track', 3306, '', 0)
#1 C:\xampp\htdocs\V-Track\system\Database\BaseConnection.php(419): CodeIgniter\Database\MySQLi\Connection->connect(false)
#2 C:\xampp\htdocs\V-Track\system\Database\BaseConnection.php(614): CodeIgniter\Database\BaseConnection->initialize()
#3 C:\xampp\htdocs\V-Track\system\Database\BaseBuilder.php(1649): CodeIgniter\Database\BaseConnection->query('SELECT *\nFROM `...', Array, false)
#4 C:\xampp\htdocs\V-Track\system\Model.php(330): CodeIgniter\Database\BaseBuilder->get()
#5 C:\xampp\htdocs\V-Track\system\BaseModel.php(715): CodeIgniter\Model->doFirst()
#6 C:\xampp\htdocs\V-Track\app\Models\UserModel.php(15): CodeIgniter\BaseModel->first()
#7 C:\xampp\htdocs\V-Track\app\Controllers\Login.php(27): App\Models\UserModel->getUserByUsername('admin')
#8 C:\xampp\htdocs\V-Track\system\CodeIgniter.php(933): App\Controllers\Login->authenticate()
#9 C:\xampp\htdocs\V-Track\system\CodeIgniter.php(507): CodeIgniter\CodeIgniter->runController(Object(App\Controllers\Login))
#10 C:\xampp\htdocs\V-Track\system\CodeIgniter.php(354): CodeIgniter\CodeIgniter->handleRequest(NULL, Object(Config\Cache), false)
#11 C:\xampp\htdocs\V-Track\system\Boot.php(363): CodeIgniter\CodeIgniter->run()
#12 C:\xampp\htdocs\V-Track\system\Boot.php(68): CodeIgniter\Boot::runCodeIgniter(Object(CodeIgniter\CodeIgniter))
#13 C:\xampp\htdocs\V-Track\public\index.php(59): CodeIgniter\Boot::bootWeb(Object(Config\Paths))
#14 {main}

Next CodeIgniter\Database\Exceptions\DatabaseException: No connection could be made because the target machine actively refused it in C:\xampp\htdocs\V-Track\system\Database\MySQLi\Connection.php:246
Stack trace:
#0 C:\xampp\htdocs\V-Track\system\Database\BaseConnection.php(419): CodeIgniter\Database\MySQLi\Connection->connect(false)
#1 C:\xampp\htdocs\V-Track\system\Database\BaseConnection.php(614): CodeIgniter\Database\BaseConnection->initialize()
#2 C:\xampp\htdocs\V-Track\system\Database\BaseBuilder.php(1649): CodeIgniter\Database\BaseConnection->query('SELECT *\nFROM `...', Array, false)
#3 C:\xampp\htdocs\V-Track\system\Model.php(330): CodeIgniter\Database\BaseBuilder->get()
#4 C:\xampp\htdocs\V-Track\system\BaseModel.php(715): CodeIgniter\Model->doFirst()
#5 C:\xampp\htdocs\V-Track\app\Models\UserModel.php(15): CodeIgniter\BaseModel->first()
#6 C:\xampp\htdocs\V-Track\app\Controllers\Login.php(27): App\Models\UserModel->getUserByUsername('admin')
#7 C:\xampp\htdocs\V-Track\system\CodeIgniter.php(933): App\Controllers\Login->authenticate()
#8 C:\xampp\htdocs\V-Track\system\CodeIgniter.php(507): CodeIgniter\CodeIgniter->runController(Object(App\Controllers\Login))
#9 C:\xampp\htdocs\V-Track\system\CodeIgniter.php(354): CodeIgniter\CodeIgniter->handleRequest(NULL, Object(Config\Cache), false)
#10 C:\xampp\htdocs\V-Track\system\Boot.php(363): CodeIgniter\CodeIgniter->run()
#11 C:\xampp\htdocs\V-Track\system\Boot.php(68): CodeIgniter\Boot::runCodeIgniter(Object(CodeIgniter\CodeIgniter))
#12 C:\xampp\htdocs\V-Track\public\index.php(59): CodeIgniter\Boot::bootWeb(Object(Config\Paths))
#13 {main}
CRITICAL - 2025-11-05 08:52:11 --> CodeIgniter\Database\Exceptions\DatabaseException: Unable to connect to the database.
Main connection [MySQLi]: No connection could be made because the target machine actively refused it
[Method: POST, Route: login]
in SYSTEMPATH\Database\BaseConnection.php on line 465.
 1 SYSTEMPATH\Database\BaseConnection.php(614): CodeIgniter\Database\BaseConnection->initialize()
 2 SYSTEMPATH\Database\BaseBuilder.php(1649): CodeIgniter\Database\BaseConnection->query('SELECT *
FROM `users`
WHERE `username` = :username:
 LIMIT 1', [...], false)
 3 SYSTEMPATH\Model.php(330): CodeIgniter\Database\BaseBuilder->get()
 4 SYSTEMPATH\BaseModel.php(715): CodeIgniter\Model->doFirst()
 5 APPPATH\Models\UserModel.php(15): CodeIgniter\BaseModel->first()
 6 APPPATH\Controllers\Login.php(27): App\Models\UserModel->getUserByUsername('admin')
 7 SYSTEMPATH\CodeIgniter.php(933): App\Controllers\Login->authenticate()
 8 SYSTEMPATH\CodeIgniter.php(507): CodeIgniter\CodeIgniter->runController(Object(App\Controllers\Login))
 9 SYSTEMPATH\CodeIgniter.php(354): CodeIgniter\CodeIgniter->handleRequest(null, Object(Config\Cache), false)
10 SYSTEMPATH\Boot.php(363): CodeIgniter\CodeIgniter->run()
11 SYSTEMPATH\Boot.php(68): CodeIgniter\Boot::runCodeIgniter(Object(CodeIgniter\CodeIgniter))
12 FCPATH\index.php(59): CodeIgniter\Boot::bootWeb(Object(Config\Paths))
DEBUG - 2025-11-05 09:07:16 --> Session: Class initialized using 'CodeIgniter\Session\Handlers\FileHandler' driver.
DEBUG - 2025-11-05 09:07:16 --> Database file path: v_track
ERROR - 2025-11-05 09:07:16 --> mysqli_sql_exception: Table 'v_track.users' doesn't exist in C:\xampp\htdocs\V-Track\system\Database\MySQLi\Connection.php:327
Stack trace:
#0 C:\xampp\htdocs\V-Track\system\Database\MySQLi\Connection.php(327): mysqli->query('SELECT *\nFROM `...', 0)
#1 C:\xampp\htdocs\V-Track\system\Database\BaseConnection.php(729): CodeIgniter\Database\MySQLi\Connection->execute('SELECT *\nFROM `...')
#2 C:\xampp\htdocs\V-Track\system\Database\BaseConnection.php(646): CodeIgniter\Database\BaseConnection->simpleQuery('SELECT *\nFROM `...')
#3 C:\xampp\htdocs\V-Track\system\Database\BaseBuilder.php(1649): CodeIgniter\Database\BaseConnection->query('SELECT *\nFROM `...', Array, false)
#4 C:\xampp\htdocs\V-Track\system\Model.php(330): CodeIgniter\Database\BaseBuilder->get()
#5 C:\xampp\htdocs\V-Track\system\BaseModel.php(715): CodeIgniter\Model->doFirst()
#6 C:\xampp\htdocs\V-Track\app\Models\UserModel.php(15): CodeIgniter\BaseModel->first()
#7 C:\xampp\htdocs\V-Track\app\Controllers\Login.php(27): App\Models\UserModel->getUserByUsername('admin')
#8 C:\xampp\htdocs\V-Track\system\CodeIgniter.php(933): App\Controllers\Login->authenticate()
#9 C:\xampp\htdocs\V-Track\system\CodeIgniter.php(507): CodeIgniter\CodeIgniter->runController(Object(App\Controllers\Login))
#10 C:\xampp\htdocs\V-Track\system\CodeIgniter.php(354): CodeIgniter\CodeIgniter->handleRequest(NULL, Object(Config\Cache), false)
#11 C:\xampp\htdocs\V-Track\system\Boot.php(363): CodeIgniter\CodeIgniter->run()
#12 C:\xampp\htdocs\V-Track\system\Boot.php(68): CodeIgniter\Boot::runCodeIgniter(Object(CodeIgniter\CodeIgniter))
#13 C:\xampp\htdocs\V-Track\public\index.php(59): CodeIgniter\Boot::bootWeb(Object(Config\Paths))
#14 {main}
CRITICAL - 2025-11-05 09:07:16 --> CodeIgniter\Database\Exceptions\DatabaseException: Table 'v_track.users' doesn't exist
[Method: POST, Route: login]
in SYSTEMPATH\Database\BaseConnection.php on line 684.
 1 SYSTEMPATH\Database\BaseBuilder.php(1649): CodeIgniter\Database\BaseConnection->query('SELECT *
FROM `users`
WHERE `username` = :username:
 LIMIT 1', [...], false)
 2 SYSTEMPATH\Model.php(330): CodeIgniter\Database\BaseBuilder->get()
 3 SYSTEMPATH\BaseModel.php(715): CodeIgniter\Model->doFirst()
 4 APPPATH\Models\UserModel.php(15): CodeIgniter\BaseModel->first()
 5 APPPATH\Controllers\Login.php(27): App\Models\UserModel->getUserByUsername('admin')
 6 SYSTEMPATH\CodeIgniter.php(933): App\Controllers\Login->authenticate()
 7 SYSTEMPATH\CodeIgniter.php(507): CodeIgniter\CodeIgniter->runController(Object(App\Controllers\Login))
 8 SYSTEMPATH\CodeIgniter.php(354): CodeIgniter\CodeIgniter->handleRequest(null, Object(Config\Cache), false)
 9 SYSTEMPATH\Boot.php(363): CodeIgniter\CodeIgniter->run()
10 SYSTEMPATH\Boot.php(68): CodeIgniter\Boot::runCodeIgniter(Object(CodeIgniter\CodeIgniter))
11 FCPATH\index.php(59): CodeIgniter\Boot::bootWeb(Object(Config\Paths))
CRITICAL - 2025-11-05 09:07:16 --> [Caused by] CodeIgniter\Database\Exceptions\DatabaseException: Table 'v_track.users' doesn't exist
in SYSTEMPATH\Database\MySQLi\Connection.php on line 332.
 1 SYSTEMPATH\Database\BaseConnection.php(729): CodeIgniter\Database\MySQLi\Connection->execute('SELECT *
FROM `users`
WHERE `username` = \'admin\'
 LIMIT 1')
 2 SYSTEMPATH\Database\BaseConnection.php(646): CodeIgniter\Database\BaseConnection->simpleQuery('SELECT *
FROM `users`
WHERE `username` = \'admin\'
 LIMIT 1')
 3 SYSTEMPATH\Database\BaseBuilder.php(1649): CodeIgniter\Database\BaseConnection->query('SELECT *
FROM `users`
WHERE `username` = :username:
 LIMIT 1', [...], false)
 4 SYSTEMPATH\Model.php(330): CodeIgniter\Database\BaseBuilder->get()
 5 SYSTEMPATH\BaseModel.php(715): CodeIgniter\Model->doFirst()
 6 APPPATH\Models\UserModel.php(15): CodeIgniter\BaseModel->first()
 7 APPPATH\Controllers\Login.php(27): App\Models\UserModel->getUserByUsername('admin')
 8 SYSTEMPATH\CodeIgniter.php(933): App\Controllers\Login->authenticate()
 9 SYSTEMPATH\CodeIgniter.php(507): CodeIgniter\CodeIgniter->runController(Object(App\Controllers\Login))
10 SYSTEMPATH\CodeIgniter.php(354): CodeIgniter\CodeIgniter->handleRequest(null, Object(Config\Cache), false)
11 SYSTEMPATH\Boot.php(363): CodeIgniter\CodeIgniter->run()
12 SYSTEMPATH\Boot.php(68): CodeIgniter\Boot::runCodeIgniter(Object(CodeIgniter\CodeIgniter))
13 FCPATH\index.php(59): CodeIgniter\Boot::bootWeb(Object(Config\Paths))
CRITICAL - 2025-11-05 09:07:16 --> [Caused by] mysqli_sql_exception: Table 'v_track.users' doesn't exist
in SYSTEMPATH\Database\MySQLi\Connection.php on line 327.
 1 SYSTEMPATH\Database\MySQLi\Connection.php(327): mysqli->query('SELECT *
FROM `users`
WHERE `username` = \'admin\'
 LIMIT 1', 0)
 2 SYSTEMPATH\Database\BaseConnection.php(729): CodeIgniter\Database\MySQLi\Connection->execute('SELECT *
FROM `users`
WHERE `username` = \'admin\'
 LIMIT 1')
 3 SYSTEMPATH\Database\BaseConnection.php(646): CodeIgniter\Database\BaseConnection->simpleQuery('SELECT *
FROM `users`
WHERE `username` = \'admin\'
 LIMIT 1')
 4 SYSTEMPATH\Database\BaseBuilder.php(1649): CodeIgniter\Database\BaseConnection->query('SELECT *
FROM `users`
WHERE `username` = :username:
 LIMIT 1', [...], false)
 5 SYSTEMPATH\Model.php(330): CodeIgniter\Database\BaseBuilder->get()
 6 SYSTEMPATH\BaseModel.php(715): CodeIgniter\Model->doFirst()
 7 APPPATH\Models\UserModel.php(15): CodeIgniter\BaseModel->first()
 8 APPPATH\Controllers\Login.php(27): App\Models\UserModel->getUserByUsername('admin')
 9 SYSTEMPATH\CodeIgniter.php(933): App\Controllers\Login->authenticate()
10 SYSTEMPATH\CodeIgniter.php(507): CodeIgniter\CodeIgniter->runController(Object(App\Controllers\Login))
11 SYSTEMPATH\CodeIgniter.php(354): CodeIgniter\CodeIgniter->handleRequest(null, Object(Config\Cache), false)
12 SYSTEMPATH\Boot.php(363): CodeIgniter\CodeIgniter->run()
13 SYSTEMPATH\Boot.php(68): CodeIgniter\Boot::runCodeIgniter(Object(CodeIgniter\CodeIgniter))
14 FCPATH\index.php(59): CodeIgniter\Boot::bootWeb(Object(Config\Paths))
DEBUG - 2025-11-05 09:54:41 --> Session: Class initialized using 'CodeIgniter\Session\Handlers\FileHandler' driver.
DEBUG - 2025-11-05 09:54:41 --> Database file path: v_track
ERROR - 2025-11-05 09:54:41 --> mysqli_sql_exception: Unknown column 'username' in 'where clause' in C:\xampp\htdocs\V-Track\system\Database\MySQLi\Connection.php:327
Stack trace:
#0 C:\xampp\htdocs\V-Track\system\Database\MySQLi\Connection.php(327): mysqli->query('SELECT *\nFROM `...', 0)
#1 C:\xampp\htdocs\V-Track\system\Database\BaseConnection.php(729): CodeIgniter\Database\MySQLi\Connection->execute('SELECT *\nFROM `...')
#2 C:\xampp\htdocs\V-Track\system\Database\BaseConnection.php(646): CodeIgniter\Database\BaseConnection->simpleQuery('SELECT *\nFROM `...')
#3 C:\xampp\htdocs\V-Track\system\Database\BaseBuilder.php(1649): CodeIgniter\Database\BaseConnection->query('SELECT *\nFROM `...', Array, false)
#4 C:\xampp\htdocs\V-Track\system\Model.php(330): CodeIgniter\Database\BaseBuilder->get()
#5 C:\xampp\htdocs\V-Track\system\BaseModel.php(715): CodeIgniter\Model->doFirst()
#6 C:\xampp\htdocs\V-Track\app\Models\UserModel.php(15): CodeIgniter\BaseModel->first()
#7 C:\xampp\htdocs\V-Track\app\Controllers\Login.php(27): App\Models\UserModel->getUserByUsername('admin')
#8 C:\xampp\htdocs\V-Track\system\CodeIgniter.php(933): App\Controllers\Login->authenticate()
#9 C:\xampp\htdocs\V-Track\system\CodeIgniter.php(507): CodeIgniter\CodeIgniter->runController(Object(App\Controllers\Login))
#10 C:\xampp\htdocs\V-Track\system\CodeIgniter.php(354): CodeIgniter\CodeIgniter->handleRequest(NULL, Object(Config\Cache), false)
#11 C:\xampp\htdocs\V-Track\system\Boot.php(363): CodeIgniter\CodeIgniter->run()
#12 C:\xampp\htdocs\V-Track\system\Boot.php(68): CodeIgniter\Boot::runCodeIgniter(Object(CodeIgniter\CodeIgniter))
#13 C:\xampp\htdocs\V-Track\public\index.php(59): CodeIgniter\Boot::bootWeb(Object(Config\Paths))
#14 {main}
CRITICAL - 2025-11-05 09:54:41 --> CodeIgniter\Database\Exceptions\DatabaseException: Unknown column 'username' in 'where clause'
[Method: POST, Route: login]
in SYSTEMPATH\Database\BaseConnection.php on line 684.
 1 SYSTEMPATH\Database\BaseBuilder.php(1649): CodeIgniter\Database\BaseConnection->query('SELECT *
FROM `users`
WHERE `username` = :username:
 LIMIT 1', [...], false)
 2 SYSTEMPATH\Model.php(330): CodeIgniter\Database\BaseBuilder->get()
 3 SYSTEMPATH\BaseModel.php(715): CodeIgniter\Model->doFirst()
 4 APPPATH\Models\UserModel.php(15): CodeIgniter\BaseModel->first()
 5 APPPATH\Controllers\Login.php(27): App\Models\UserModel->getUserByUsername('admin')
 6 SYSTEMPATH\CodeIgniter.php(933): App\Controllers\Login->authenticate()
 7 SYSTEMPATH\CodeIgniter.php(507): CodeIgniter\CodeIgniter->runController(Object(App\Controllers\Login))
 8 SYSTEMPATH\CodeIgniter.php(354): CodeIgniter\CodeIgniter->handleRequest(null, Object(Config\Cache), false)
 9 SYSTEMPATH\Boot.php(363): CodeIgniter\CodeIgniter->run()
10 SYSTEMPATH\Boot.php(68): CodeIgniter\Boot::runCodeIgniter(Object(CodeIgniter\CodeIgniter))
11 FCPATH\index.php(59): CodeIgniter\Boot::bootWeb(Object(Config\Paths))
CRITICAL - 2025-11-05 09:54:41 --> [Caused by] CodeIgniter\Database\Exceptions\DatabaseException: Unknown column 'username' in 'where clause'
in SYSTEMPATH\Database\MySQLi\Connection.php on line 332.
 1 SYSTEMPATH\Database\BaseConnection.php(729): CodeIgniter\Database\MySQLi\Connection->execute('SELECT *
FROM `users`
WHERE `username` = \'admin\'
 LIMIT 1')
 2 SYSTEMPATH\Database\BaseConnection.php(646): CodeIgniter\Database\BaseConnection->simpleQuery('SELECT *
FROM `users`
WHERE `username` = \'admin\'
 LIMIT 1')
 3 SYSTEMPATH\Database\BaseBuilder.php(1649): CodeIgniter\Database\BaseConnection->query('SELECT *
FROM `users`
WHERE `username` = :username:
 LIMIT 1', [...], false)
 4 SYSTEMPATH\Model.php(330): CodeIgniter\Database\BaseBuilder->get()
 5 SYSTEMPATH\BaseModel.php(715): CodeIgniter\Model->doFirst()
 6 APPPATH\Models\UserModel.php(15): CodeIgniter\BaseModel->first()
 7 APPPATH\Controllers\Login.php(27): App\Models\UserModel->getUserByUsername('admin')
 8 SYSTEMPATH\CodeIgniter.php(933): App\Controllers\Login->authenticate()
 9 SYSTEMPATH\CodeIgniter.php(507): CodeIgniter\CodeIgniter->runController(Object(App\Controllers\Login))
10 SYSTEMPATH\CodeIgniter.php(354): CodeIgniter\CodeIgniter->handleRequest(null, Object(Config\Cache), false)
11 SYSTEMPATH\Boot.php(363): CodeIgniter\CodeIgniter->run()
12 SYSTEMPATH\Boot.php(68): CodeIgniter\Boot::runCodeIgniter(Object(CodeIgniter\CodeIgniter))
13 FCPATH\index.php(59): CodeIgniter\Boot::bootWeb(Object(Config\Paths))
CRITICAL - 2025-11-05 09:54:41 --> [Caused by] mysqli_sql_exception: Unknown column 'username' in 'where clause'
in SYSTEMPATH\Database\MySQLi\Connection.php on line 327.
 1 SYSTEMPATH\Database\MySQLi\Connection.php(327): mysqli->query('SELECT *
FROM `users`
WHERE `username` = \'admin\'
 LIMIT 1', 0)
 2 SYSTEMPATH\Database\BaseConnection.php(729): CodeIgniter\Database\MySQLi\Connection->execute('SELECT *
FROM `users`
WHERE `username` = \'admin\'
 LIMIT 1')
 3 SYSTEMPATH\Database\BaseConnection.php(646): CodeIgniter\Database\BaseConnection->simpleQuery('SELECT *
FROM `users`
WHERE `username` = \'admin\'
 LIMIT 1')
 4 SYSTEMPATH\Database\BaseBuilder.php(1649): CodeIgniter\Database\BaseConnection->query('SELECT *
FROM `users`
WHERE `username` = :username:
 LIMIT 1', [...], false)
 5 SYSTEMPATH\Model.php(330): CodeIgniter\Database\BaseBuilder->get()
 6 SYSTEMPATH\BaseModel.php(715): CodeIgniter\Model->doFirst()
 7 APPPATH\Models\UserModel.php(15): CodeIgniter\BaseModel->first()
 8 APPPATH\Controllers\Login.php(27): App\Models\UserModel->getUserByUsername('admin')
 9 SYSTEMPATH\CodeIgniter.php(933): App\Controllers\Login->authenticate()
10 SYSTEMPATH\CodeIgniter.php(507): CodeIgniter\CodeIgniter->runController(Object(App\Controllers\Login))
11 SYSTEMPATH\CodeIgniter.php(354): CodeIgniter\CodeIgniter->handleRequest(null, Object(Config\Cache), false)
12 SYSTEMPATH\Boot.php(363): CodeIgniter\CodeIgniter->run()
13 SYSTEMPATH\Boot.php(68): CodeIgniter\Boot::runCodeIgniter(Object(CodeIgniter\CodeIgniter))
14 FCPATH\index.php(59): CodeIgniter\Boot::bootWeb(Object(Config\Paths))
DEBUG - 2025-11-05 09:56:29 --> Session: Class initialized using 'CodeIgniter\Session\Handlers\FileHandler' driver.
DEBUG - 2025-11-05 09:56:29 --> Database file path: v_track
ERROR - 2025-11-05 09:56:29 --> mysqli_sql_exception: Unknown column 'username' in 'where clause' in C:\xampp\htdocs\V-Track\system\Database\MySQLi\Connection.php:327
Stack trace:
#0 C:\xampp\htdocs\V-Track\system\Database\MySQLi\Connection.php(327): mysqli->query('SELECT *\nFROM `...', 0)
#1 C:\xampp\htdocs\V-Track\system\Database\BaseConnection.php(729): CodeIgniter\Database\MySQLi\Connection->execute('SELECT *\nFROM `...')
#2 C:\xampp\htdocs\V-Track\system\Database\BaseConnection.php(646): CodeIgniter\Database\BaseConnection->simpleQuery('SELECT *\nFROM `...')
#3 C:\xampp\htdocs\V-Track\system\Database\BaseBuilder.php(1649): CodeIgniter\Database\BaseConnection->query('SELECT *\nFROM `...', Array, false)
#4 C:\xampp\htdocs\V-Track\system\Model.php(330): CodeIgniter\Database\BaseBuilder->get()
#5 C:\xampp\htdocs\V-Track\system\BaseModel.php(715): CodeIgniter\Model->doFirst()
#6 C:\xampp\htdocs\V-Track\app\Models\UserModel.php(15): CodeIgniter\BaseModel->first()
#7 C:\xampp\htdocs\V-Track\app\Controllers\Login.php(27): App\Models\UserModel->getUserByUsername('admin')
#8 C:\xampp\htdocs\V-Track\system\CodeIgniter.php(933): App\Controllers\Login->authenticate()
#9 C:\xampp\htdocs\V-Track\system\CodeIgniter.php(507): CodeIgniter\CodeIgniter->runController(Object(App\Controllers\Login))
#10 C:\xampp\htdocs\V-Track\system\CodeIgniter.php(354): CodeIgniter\CodeIgniter->handleRequest(NULL, Object(Config\Cache), false)
#11 C:\xampp\htdocs\V-Track\system\Boot.php(363): CodeIgniter\CodeIgniter->run()
#12 C:\xampp\htdocs\V-Track\system\Boot.php(68): CodeIgniter\Boot::runCodeIgniter(Object(CodeIgniter\CodeIgniter))
#13 C:\xampp\htdocs\V-Track\public\index.php(59): CodeIgniter\Boot::bootWeb(Object(Config\Paths))
#14 {main}
CRITICAL - 2025-11-05 09:56:29 --> CodeIgniter\Database\Exceptions\DatabaseException: Unknown column 'username' in 'where clause'
[Method: POST, Route: login]
in SYSTEMPATH\Database\BaseConnection.php on line 684.
 1 SYSTEMPATH\Database\BaseBuilder.php(1649): CodeIgniter\Database\BaseConnection->query('SELECT *
FROM `users`
WHERE `username` = :username:
 LIMIT 1', [...], false)
 2 SYSTEMPATH\Model.php(330): CodeIgniter\Database\BaseBuilder->get()
 3 SYSTEMPATH\BaseModel.php(715): CodeIgniter\Model->doFirst()
 4 APPPATH\Models\UserModel.php(15): CodeIgniter\BaseModel->first()
 5 APPPATH\Controllers\Login.php(27): App\Models\UserModel->getUserByUsername('admin')
 6 SYSTEMPATH\CodeIgniter.php(933): App\Controllers\Login->authenticate()
 7 SYSTEMPATH\CodeIgniter.php(507): CodeIgniter\CodeIgniter->runController(Object(App\Controllers\Login))
 8 SYSTEMPATH\CodeIgniter.php(354): CodeIgniter\CodeIgniter->handleRequest(null, Object(Config\Cache), false)
 9 SYSTEMPATH\Boot.php(363): CodeIgniter\CodeIgniter->run()
10 SYSTEMPATH\Boot.php(68): CodeIgniter\Boot::runCodeIgniter(Object(CodeIgniter\CodeIgniter))
11 FCPATH\index.php(59): CodeIgniter\Boot::bootWeb(Object(Config\Paths))
CRITICAL - 2025-11-05 09:56:29 --> [Caused by] CodeIgniter\Database\Exceptions\DatabaseException: Unknown column 'username' in 'where clause'
in SYSTEMPATH\Database\MySQLi\Connection.php on line 332.
 1 SYSTEMPATH\Database\BaseConnection.php(729): CodeIgniter\Database\MySQLi\Connection->execute('SELECT *
FROM `users`
WHERE `username` = \'admin\'
 LIMIT 1')
 2 SYSTEMPATH\Database\BaseConnection.php(646): CodeIgniter\Database\BaseConnection->simpleQuery('SELECT *
FROM `users`
WHERE `username` = \'admin\'
 LIMIT 1')
 3 SYSTEMPATH\Database\BaseBuilder.php(1649): CodeIgniter\Database\BaseConnection->query('SELECT *
FROM `users`
WHERE `username` = :username:
 LIMIT 1', [...], false)
 4 SYSTEMPATH\Model.php(330): CodeIgniter\Database\BaseBuilder->get()
 5 SYSTEMPATH\BaseModel.php(715): CodeIgniter\Model->doFirst()
 6 APPPATH\Models\UserModel.php(15): CodeIgniter\BaseModel->first()
 7 APPPATH\Controllers\Login.php(27): App\Models\UserModel->getUserByUsername('admin')
 8 SYSTEMPATH\CodeIgniter.php(933): App\Controllers\Login->authenticate()
 9 SYSTEMPATH\CodeIgniter.php(507): CodeIgniter\CodeIgniter->runController(Object(App\Controllers\Login))
10 SYSTEMPATH\CodeIgniter.php(354): CodeIgniter\CodeIgniter->handleRequest(null, Object(Config\Cache), false)
11 SYSTEMPATH\Boot.php(363): CodeIgniter\CodeIgniter->run()
12 SYSTEMPATH\Boot.php(68): CodeIgniter\Boot::runCodeIgniter(Object(CodeIgniter\CodeIgniter))
13 FCPATH\index.php(59): CodeIgniter\Boot::bootWeb(Object(Config\Paths))
CRITICAL - 2025-11-05 09:56:29 --> [Caused by] mysqli_sql_exception: Unknown column 'username' in 'where clause'
in SYSTEMPATH\Database\MySQLi\Connection.php on line 327.
 1 SYSTEMPATH\Database\MySQLi\Connection.php(327): mysqli->query('SELECT *
FROM `users`
WHERE `username` = \'admin\'
 LIMIT 1', 0)
 2 SYSTEMPATH\Database\BaseConnection.php(729): CodeIgniter\Database\MySQLi\Connection->execute('SELECT *
FROM `users`
WHERE `username` = \'admin\'
 LIMIT 1')
 3 SYSTEMPATH\Database\BaseConnection.php(646): CodeIgniter\Database\BaseConnection->simpleQuery('SELECT *
FROM `users`
WHERE `username` = \'admin\'
 LIMIT 1')
 4 SYSTEMPATH\Database\BaseBuilder.php(1649): CodeIgniter\Database\BaseConnection->query('SELECT *
FROM `users`
WHERE `username` = :username:
 LIMIT 1', [...], false)
 5 SYSTEMPATH\Model.php(330): CodeIgniter\Database\BaseBuilder->get()
 6 SYSTEMPATH\BaseModel.php(715): CodeIgniter\Model->doFirst()
 7 APPPATH\Models\UserModel.php(15): CodeIgniter\BaseModel->first()
 8 APPPATH\Controllers\Login.php(27): App\Models\UserModel->getUserByUsername('admin')
 9 SYSTEMPATH\CodeIgniter.php(933): App\Controllers\Login->authenticate()
10 SYSTEMPATH\CodeIgniter.php(507): CodeIgniter\CodeIgniter->runController(Object(App\Controllers\Login))
11 SYSTEMPATH\CodeIgniter.php(354): CodeIgniter\CodeIgniter->handleRequest(null, Object(Config\Cache), false)
12 SYSTEMPATH\Boot.php(363): CodeIgniter\CodeIgniter->run()
13 SYSTEMPATH\Boot.php(68): CodeIgniter\Boot::runCodeIgniter(Object(CodeIgniter\CodeIgniter))
14 FCPATH\index.php(59): CodeIgniter\Boot::bootWeb(Object(Config\Paths))
DEBUG - 2025-11-05 10:01:46 --> Session: Class initialized using 'CodeIgniter\Session\Handlers\FileHandler' driver.
DEBUG - 2025-11-05 10:01:47 --> Session: Class initialized using 'CodeIgniter\Session\Handlers\FileHandler' driver.
ERROR - 2025-11-05 10:01:48 --> mysqli_sql_exception: Unknown column 'waste_disposal' in 'field list' in C:\xampp\htdocs\V-Track\system\Database\MySQLi\Connection.php:327
Stack trace:
#0 C:\xampp\htdocs\V-Track\system\Database\MySQLi\Connection.php(327): mysqli->query('SELECT `waste_d...', 0)
#1 C:\xampp\htdocs\V-Track\system\Database\BaseConnection.php(729): CodeIgniter\Database\MySQLi\Connection->execute('SELECT `waste_d...')
#2 C:\xampp\htdocs\V-Track\system\Database\BaseConnection.php(646): CodeIgniter\Database\BaseConnection->simpleQuery('SELECT `waste_d...')
#3 C:\xampp\htdocs\V-Track\system\Database\BaseBuilder.php(1649): CodeIgniter\Database\BaseConnection->query('SELECT `waste_d...', Array, false)
#4 C:\xampp\htdocs\V-Track\app\Models\DashboardModel.php(79): CodeIgniter\Database\BaseBuilder->get()
#5 C:\xampp\htdocs\V-Track\app\Controllers\Pages.php(34): App\Models\DashboardModel->getWasteCounts()
#6 C:\xampp\htdocs\V-Track\system\CodeIgniter.php(933): App\Controllers\Pages->dashboard()
#7 C:\xampp\htdocs\V-Track\system\CodeIgniter.php(507): CodeIgniter\CodeIgniter->runController(Object(App\Controllers\Pages))
#8 C:\xampp\htdocs\V-Track\system\CodeIgniter.php(354): CodeIgniter\CodeIgniter->handleRequest(NULL, Object(Config\Cache), false)
#9 C:\xampp\htdocs\V-Track\system\Boot.php(363): CodeIgniter\CodeIgniter->run()
#10 C:\xampp\htdocs\V-Track\system\Boot.php(68): CodeIgniter\Boot::runCodeIgniter(Object(CodeIgniter\CodeIgniter))
#11 C:\xampp\htdocs\V-Track\public\index.php(59): CodeIgniter\Boot::bootWeb(Object(Config\Paths))
#12 {main}
CRITICAL - 2025-11-05 10:01:48 --> CodeIgniter\Database\Exceptions\DatabaseException: Unknown column 'waste_disposal' in 'field list'
[Method: GET, Route: dashboard]
in SYSTEMPATH\Database\BaseConnection.php on line 684.
 1 SYSTEMPATH\Database\BaseBuilder.php(1649): CodeIgniter\Database\BaseConnection->query('SELECT `waste_disposal`, COUNT(*) AS cnt
FROM `homes`
GROUP BY `waste_disposal`', [], false)
 2 APPPATH\Models\DashboardModel.php(79): CodeIgniter\Database\BaseBuilder->get()
 3 APPPATH\Controllers\Pages.php(34): App\Models\DashboardModel->getWasteCounts()
 4 SYSTEMPATH\CodeIgniter.php(933): App\Controllers\Pages->dashboard()
 5 SYSTEMPATH\CodeIgniter.php(507): CodeIgniter\CodeIgniter->runController(Object(App\Controllers\Pages))
 6 SYSTEMPATH\CodeIgniter.php(354): CodeIgniter\CodeIgniter->handleRequest(null, Object(Config\Cache), false)
 7 SYSTEMPATH\Boot.php(363): CodeIgniter\CodeIgniter->run()
 8 SYSTEMPATH\Boot.php(68): CodeIgniter\Boot::runCodeIgniter(Object(CodeIgniter\CodeIgniter))
 9 FCPATH\index.php(59): CodeIgniter\Boot::bootWeb(Object(Config\Paths))
CRITICAL - 2025-11-05 10:01:48 --> [Caused by] CodeIgniter\Database\Exceptions\DatabaseException: Unknown column 'waste_disposal' in 'field list'
in SYSTEMPATH\Database\MySQLi\Connection.php on line 332.
 1 SYSTEMPATH\Database\BaseConnection.php(729): CodeIgniter\Database\MySQLi\Connection->execute('SELECT `waste_disposal`, COUNT(*) AS cnt
FROM `homes`
GROUP BY `waste_disposal`')
 2 SYSTEMPATH\Database\BaseConnection.php(646): CodeIgniter\Database\BaseConnection->simpleQuery('SELECT `waste_disposal`, COUNT(*) AS cnt
FROM `homes`
GROUP BY `waste_disposal`')
 3 SYSTEMPATH\Database\BaseBuilder.php(1649): CodeIgniter\Database\BaseConnection->query('SELECT `waste_disposal`, COUNT(*) AS cnt
FROM `homes`
GROUP BY `waste_disposal`', [], false)
 4 APPPATH\Models\DashboardModel.php(79): CodeIgniter\Database\BaseBuilder->get()
 5 APPPATH\Controllers\Pages.php(34): App\Models\DashboardModel->getWasteCounts()
 6 SYSTEMPATH\CodeIgniter.php(933): App\Controllers\Pages->dashboard()
 7 SYSTEMPATH\CodeIgniter.php(507): CodeIgniter\CodeIgniter->runController(Object(App\Controllers\Pages))
 8 SYSTEMPATH\CodeIgniter.php(354): CodeIgniter\CodeIgniter->handleRequest(null, Object(Config\Cache), false)
 9 SYSTEMPATH\Boot.php(363): CodeIgniter\CodeIgniter->run()
10 SYSTEMPATH\Boot.php(68): CodeIgniter\Boot::runCodeIgniter(Object(CodeIgniter\CodeIgniter))
11 FCPATH\index.php(59): CodeIgniter\Boot::bootWeb(Object(Config\Paths))
CRITICAL - 2025-11-05 10:01:48 --> [Caused by] mysqli_sql_exception: Unknown column 'waste_disposal' in 'field list'
in SYSTEMPATH\Database\MySQLi\Connection.php on line 327.
 1 SYSTEMPATH\Database\MySQLi\Connection.php(327): mysqli->query('SELECT `waste_disposal`, COUNT(*) AS cnt
FROM `homes`
GROUP BY `waste_disposal`', 0)
 2 SYSTEMPATH\Database\BaseConnection.php(729): CodeIgniter\Database\MySQLi\Connection->execute('SELECT `waste_disposal`, COUNT(*) AS cnt
FROM `homes`
GROUP BY `waste_disposal`')
 3 SYSTEMPATH\Database\BaseConnection.php(646): CodeIgniter\Database\BaseConnection->simpleQuery('SELECT `waste_disposal`, COUNT(*) AS cnt
FROM `homes`
GROUP BY `waste_disposal`')
 4 SYSTEMPATH\Database\BaseBuilder.php(1649): CodeIgniter\Database\BaseConnection->query('SELECT `waste_disposal`, COUNT(*) AS cnt
FROM `homes`
GROUP BY `waste_disposal`', [], false)
 5 APPPATH\Models\DashboardModel.php(79): CodeIgniter\Database\BaseBuilder->get()
 6 APPPATH\Controllers\Pages.php(34): App\Models\DashboardModel->getWasteCounts()
 7 SYSTEMPATH\CodeIgniter.php(933): App\Controllers\Pages->dashboard()
 8 SYSTEMPATH\CodeIgniter.php(507): CodeIgniter\CodeIgniter->runController(Object(App\Controllers\Pages))
 9 SYSTEMPATH\CodeIgniter.php(354): CodeIgniter\CodeIgniter->handleRequest(null, Object(Config\Cache), false)
10 SYSTEMPATH\Boot.php(363): CodeIgniter\CodeIgniter->run()
11 SYSTEMPATH\Boot.php(68): CodeIgniter\Boot::runCodeIgniter(Object(CodeIgniter\CodeIgniter))
12 FCPATH\index.php(59): CodeIgniter\Boot::bootWeb(Object(Config\Paths))
ERROR - 2025-11-05 10:02:07 --> mysqli_sql_exception: Unknown column 'address' in 'field list' in C:\xampp\htdocs\V-Track\system\Database\MySQLi\Connection.php:327
Stack trace:
#0 C:\xampp\htdocs\V-Track\system\Database\MySQLi\Connection.php(327): mysqli->query('SELECT `id`, `a...', 0)
#1 C:\xampp\htdocs\V-Track\system\Database\BaseConnection.php(729): CodeIgniter\Database\MySQLi\Connection->execute('SELECT `id`, `a...')
#2 C:\xampp\htdocs\V-Track\system\Database\BaseConnection.php(646): CodeIgniter\Database\BaseConnection->simpleQuery('SELECT `id`, `a...')
#3 C:\xampp\htdocs\V-Track\system\Database\BaseBuilder.php(1649): CodeIgniter\Database\BaseConnection->query('SELECT `id`, `a...', Array, false)
#4 C:\xampp\htdocs\V-Track\app\Controllers\Details.php(36): CodeIgniter\Database\BaseBuilder->get()
#5 C:\xampp\htdocs\V-Track\system\CodeIgniter.php(933): App\Controllers\Details->create()
#6 C:\xampp\htdocs\V-Track\system\CodeIgniter.php(507): CodeIgniter\CodeIgniter->runController(Object(App\Controllers\Details))
#7 C:\xampp\htdocs\V-Track\system\CodeIgniter.php(354): CodeIgniter\CodeIgniter->handleRequest(NULL, Object(Config\Cache), false)
#8 C:\xampp\htdocs\V-Track\system\Boot.php(363): CodeIgniter\CodeIgniter->run()
#9 C:\xampp\htdocs\V-Track\system\Boot.php(68): CodeIgniter\Boot::runCodeIgniter(Object(CodeIgniter\CodeIgniter))
#10 C:\xampp\htdocs\V-Track\public\index.php(59): CodeIgniter\Boot::bootWeb(Object(Config\Paths))
#11 {main}
ERROR - 2025-11-05 10:02:08 --> mysqli_sql_exception: Unknown column 'h.address' in 'field list' in C:\xampp\htdocs\V-Track\system\Database\MySQLi\Connection.php:327
Stack trace:
#0 C:\xampp\htdocs\V-Track\system\Database\MySQLi\Connection.php(327): mysqli->query('SELECT `h`.`id`...', 0)
#1 C:\xampp\htdocs\V-Track\system\Database\BaseConnection.php(729): CodeIgniter\Database\MySQLi\Connection->execute('SELECT `h`.`id`...')
#2 C:\xampp\htdocs\V-Track\system\Database\BaseConnection.php(646): CodeIgniter\Database\BaseConnection->simpleQuery('SELECT `h`.`id`...')
#3 C:\xampp\htdocs\V-Track\system\Database\BaseBuilder.php(1649): CodeIgniter\Database\BaseConnection->query('SELECT `h`.`id`...', Array, false)
#4 C:\xampp\htdocs\V-Track\app\Models\ViewDetailsModel.php(61): CodeIgniter\Database\BaseBuilder->get()
#5 C:\xampp\htdocs\V-Track\app\Controllers\ViewDetails.php(12): App\Models\ViewDetailsModel->getAllFamilies()
#6 C:\xampp\htdocs\V-Track\system\CodeIgniter.php(933): App\Controllers\ViewDetails->index()
#7 C:\xampp\htdocs\V-Track\system\CodeIgniter.php(507): CodeIgniter\CodeIgniter->runController(Object(App\Controllers\ViewDetails))
#8 C:\xampp\htdocs\V-Track\system\CodeIgniter.php(354): CodeIgniter\CodeIgniter->handleRequest(NULL, Object(Config\Cache), false)
#9 C:\xampp\htdocs\V-Track\system\Boot.php(363): CodeIgniter\CodeIgniter->run()
#10 C:\xampp\htdocs\V-Track\system\Boot.php(68): CodeIgniter\Boot::runCodeIgniter(Object(CodeIgniter\CodeIgniter))
#11 C:\xampp\htdocs\V-Track\public\index.php(59): CodeIgniter\Boot::bootWeb(Object(Config\Paths))
#12 {main}
CRITICAL - 2025-11-05 10:02:08 --> CodeIgniter\Database\Exceptions\DatabaseException: Unknown column 'h.address' in 'field list'
[Method: GET, Route: view-details]
in SYSTEMPATH\Database\BaseConnection.php on line 684.
 1 SYSTEMPATH\Database\BaseBuilder.php(1649): CodeIgniter\Database\BaseConnection->query('SELECT `h`.`id` AS `home_id`, `h`.`address` AS `home_address`, `h`.`resident_type`, `r`.`name` AS `road_name`, `sr`.`name` AS `sub_road_name`, `a`.`address` AS `address_line`, `m`.`id` AS `member_id`, `m`.`full_name`, `m`.`occupation`, `m`.`nic`, `m`.`whatsapp`, `m`.`age`, `m`.`disabled`, `m`.`cv`, `m`.`name_with_initial`, `m`.`member_type`, `m`.`occupation_other`, `m`.`school`, `m`.`grade`, `m`.`university_name`, `m`.`land_house_status`, `mo`.`offer`
FROM `homes` `h`
LEFT JOIN `members` `m` ON `m`.`home_id` = `h`.`id`
LEFT JOIN `member_offers` `mo` ON `mo`.`member_id` = `m`.`id`
LEFT JOIN `roads` `r` ON `r`.`id` = `h`.`road_id`
LEFT JOIN `sub_roads` `sr` ON `sr`.`id` = `h`.`sub_road_id`
LEFT JOIN `addresses` `a` ON `a`.`id` = `h`.`address_id`
ORDER BY `h`.`id`, `m`.`id`', [], false)
 2 APPPATH\Models\ViewDetailsModel.php(61): CodeIgniter\Database\BaseBuilder->get()
 3 APPPATH\Controllers\ViewDetails.php(12): App\Models\ViewDetailsModel->getAllFamilies()
 4 SYSTEMPATH\CodeIgniter.php(933): App\Controllers\ViewDetails->index()
 5 SYSTEMPATH\CodeIgniter.php(507): CodeIgniter\CodeIgniter->runController(Object(App\Controllers\ViewDetails))
 6 SYSTEMPATH\CodeIgniter.php(354): CodeIgniter\CodeIgniter->handleRequest(null, Object(Config\Cache), false)
 7 SYSTEMPATH\Boot.php(363): CodeIgniter\CodeIgniter->run()
 8 SYSTEMPATH\Boot.php(68): CodeIgniter\Boot::runCodeIgniter(Object(CodeIgniter\CodeIgniter))
 9 FCPATH\index.php(59): CodeIgniter\Boot::bootWeb(Object(Config\Paths))
CRITICAL - 2025-11-05 10:02:08 --> [Caused by] CodeIgniter\Database\Exceptions\DatabaseException: Unknown column 'h.address' in 'field list'
in SYSTEMPATH\Database\MySQLi\Connection.php on line 332.
 1 SYSTEMPATH\Database\BaseConnection.php(729): CodeIgniter\Database\MySQLi\Connection->execute('SELECT `h`.`id` AS `home_id`, `h`.`address` AS `home_address`, `h`.`resident_type`, `r`.`name` AS `road_name`, `sr`.`name` AS `sub_road_name`, `a`.`address` AS `address_line`, `m`.`id` AS `member_id`, `m`.`full_name`, `m`.`occupation`, `m`.`nic`, `m`.`whatsapp`, `m`.`age`, `m`.`disabled`, `m`.`cv`, `m`.`name_with_initial`, `m`.`member_type`, `m`.`occupation_other`, `m`.`school`, `m`.`grade`, `m`.`university_name`, `m`.`land_house_status`, `mo`.`offer`
FROM `homes` `h`
LEFT JOIN `members` `m` ON `m`.`home_id` = `h`.`id`
LEFT JOIN `member_offers` `mo` ON `mo`.`member_id` = `m`.`id`
LEFT JOIN `roads` `r` ON `r`.`id` = `h`.`road_id`
LEFT JOIN `sub_roads` `sr` ON `sr`.`id` = `h`.`sub_road_id`
LEFT JOIN `addresses` `a` ON `a`.`id` = `h`.`address_id`
ORDER BY `h`.`id`, `m`.`id`')
 2 SYSTEMPATH\Database\BaseConnection.php(646): CodeIgniter\Database\BaseConnection->simpleQuery('SELECT `h`.`id` AS `home_id`, `h`.`address` AS `home_address`, `h`.`resident_type`, `r`.`name` AS `road_name`, `sr`.`name` AS `sub_road_name`, `a`.`address` AS `address_line`, `m`.`id` AS `member_id`, `m`.`full_name`, `m`.`occupation`, `m`.`nic`, `m`.`whatsapp`, `m`.`age`, `m`.`disabled`, `m`.`cv`, `m`.`name_with_initial`, `m`.`member_type`, `m`.`occupation_other`, `m`.`school`, `m`.`grade`, `m`.`university_name`, `m`.`land_house_status`, `mo`.`offer`
FROM `homes` `h`
LEFT JOIN `members` `m` ON `m`.`home_id` = `h`.`id`
LEFT JOIN `member_offers` `mo` ON `mo`.`member_id` = `m`.`id`
LEFT JOIN `roads` `r` ON `r`.`id` = `h`.`road_id`
LEFT JOIN `sub_roads` `sr` ON `sr`.`id` = `h`.`sub_road_id`
LEFT JOIN `addresses` `a` ON `a`.`id` = `h`.`address_id`
ORDER BY `h`.`id`, `m`.`id`')
 3 SYSTEMPATH\Database\BaseBuilder.php(1649): CodeIgniter\Database\BaseConnection->query('SELECT `h`.`id` AS `home_id`, `h`.`address` AS `home_address`, `h`.`resident_type`, `r`.`name` AS `road_name`, `sr`.`name` AS `sub_road_name`, `a`.`address` AS `address_line`, `m`.`id` AS `member_id`, `m`.`full_name`, `m`.`occupation`, `m`.`nic`, `m`.`whatsapp`, `m`.`age`, `m`.`disabled`, `m`.`cv`, `m`.`name_with_initial`, `m`.`member_type`, `m`.`occupation_other`, `m`.`school`, `m`.`grade`, `m`.`university_name`, `m`.`land_house_status`, `mo`.`offer`
FROM `homes` `h`
LEFT JOIN `members` `m` ON `m`.`home_id` = `h`.`id`
LEFT JOIN `member_offers` `mo` ON `mo`.`member_id` = `m`.`id`
LEFT JOIN `roads` `r` ON `r`.`id` = `h`.`road_id`
LEFT JOIN `sub_roads` `sr` ON `sr`.`id` = `h`.`sub_road_id`
LEFT JOIN `addresses` `a` ON `a`.`id` = `h`.`address_id`
ORDER BY `h`.`id`, `m`.`id`', [], false)
 4 APPPATH\Models\ViewDetailsModel.php(61): CodeIgniter\Database\BaseBuilder->get()
 5 APPPATH\Controllers\ViewDetails.php(12): App\Models\ViewDetailsModel->getAllFamilies()
 6 SYSTEMPATH\CodeIgniter.php(933): App\Controllers\ViewDetails->index()
 7 SYSTEMPATH\CodeIgniter.php(507): CodeIgniter\CodeIgniter->runController(Object(App\Controllers\ViewDetails))
 8 SYSTEMPATH\CodeIgniter.php(354): CodeIgniter\CodeIgniter->handleRequest(null, Object(Config\Cache), false)
 9 SYSTEMPATH\Boot.php(363): CodeIgniter\CodeIgniter->run()
10 SYSTEMPATH\Boot.php(68): CodeIgniter\Boot::runCodeIgniter(Object(CodeIgniter\CodeIgniter))
11 FCPATH\index.php(59): CodeIgniter\Boot::bootWeb(Object(Config\Paths))
CRITICAL - 2025-11-05 10:02:08 --> [Caused by] mysqli_sql_exception: Unknown column 'h.address' in 'field list'
in SYSTEMPATH\Database\MySQLi\Connection.php on line 327.
 1 SYSTEMPATH\Database\MySQLi\Connection.php(327): mysqli->query('SELECT `h`.`id` AS `home_id`, `h`.`address` AS `home_address`, `h`.`resident_type`, `r`.`name` AS `road_name`, `sr`.`name` AS `sub_road_name`, `a`.`address` AS `address_line`, `m`.`id` AS `member_id`, `m`.`full_name`, `m`.`occupation`, `m`.`nic`, `m`.`whatsapp`, `m`.`age`, `m`.`disabled`, `m`.`cv`, `m`.`name_with_initial`, `m`.`member_type`, `m`.`occupation_other`, `m`.`school`, `m`.`grade`, `m`.`university_name`, `m`.`land_house_status`, `mo`.`offer`
FROM `homes` `h`
LEFT JOIN `members` `m` ON `m`.`home_id` = `h`.`id`
LEFT JOIN `member_offers` `mo` ON `mo`.`member_id` = `m`.`id`
LEFT JOIN `roads` `r` ON `r`.`id` = `h`.`road_id`
LEFT JOIN `sub_roads` `sr` ON `sr`.`id` = `h`.`sub_road_id`
LEFT JOIN `addresses` `a` ON `a`.`id` = `h`.`address_id`
ORDER BY `h`.`id`, `m`.`id`', 0)
 2 SYSTEMPATH\Database\BaseConnection.php(729): CodeIgniter\Database\MySQLi\Connection->execute('SELECT `h`.`id` AS `home_id`, `h`.`address` AS `home_address`, `h`.`resident_type`, `r`.`name` AS `road_name`, `sr`.`name` AS `sub_road_name`, `a`.`address` AS `address_line`, `m`.`id` AS `member_id`, `m`.`full_name`, `m`.`occupation`, `m`.`nic`, `m`.`whatsapp`, `m`.`age`, `m`.`disabled`, `m`.`cv`, `m`.`name_with_initial`, `m`.`member_type`, `m`.`occupation_other`, `m`.`school`, `m`.`grade`, `m`.`university_name`, `m`.`land_house_status`, `mo`.`offer`
FROM `homes` `h`
LEFT JOIN `members` `m` ON `m`.`home_id` = `h`.`id`
LEFT JOIN `member_offers` `mo` ON `mo`.`member_id` = `m`.`id`
LEFT JOIN `roads` `r` ON `r`.`id` = `h`.`road_id`
LEFT JOIN `sub_roads` `sr` ON `sr`.`id` = `h`.`sub_road_id`
LEFT JOIN `addresses` `a` ON `a`.`id` = `h`.`address_id`
ORDER BY `h`.`id`, `m`.`id`')
 3 SYSTEMPATH\Database\BaseConnection.php(646): CodeIgniter\Database\BaseConnection->simpleQuery('SELECT `h`.`id` AS `home_id`, `h`.`address` AS `home_address`, `h`.`resident_type`, `r`.`name` AS `road_name`, `sr`.`name` AS `sub_road_name`, `a`.`address` AS `address_line`, `m`.`id` AS `member_id`, `m`.`full_name`, `m`.`occupation`, `m`.`nic`, `m`.`whatsapp`, `m`.`age`, `m`.`disabled`, `m`.`cv`, `m`.`name_with_initial`, `m`.`member_type`, `m`.`occupation_other`, `m`.`school`, `m`.`grade`, `m`.`university_name`, `m`.`land_house_status`, `mo`.`offer`
FROM `homes` `h`
LEFT JOIN `members` `m` ON `m`.`home_id` = `h`.`id`
LEFT JOIN `member_offers` `mo` ON `mo`.`member_id` = `m`.`id`
LEFT JOIN `roads` `r` ON `r`.`id` = `h`.`road_id`
LEFT JOIN `sub_roads` `sr` ON `sr`.`id` = `h`.`sub_road_id`
LEFT JOIN `addresses` `a` ON `a`.`id` = `h`.`address_id`
ORDER BY `h`.`id`, `m`.`id`')
 4 SYSTEMPATH\Database\BaseBuilder.php(1649): CodeIgniter\Database\BaseConnection->query('SELECT `h`.`id` AS `home_id`, `h`.`address` AS `home_address`, `h`.`resident_type`, `r`.`name` AS `road_name`, `sr`.`name` AS `sub_road_name`, `a`.`address` AS `address_line`, `m`.`id` AS `member_id`, `m`.`full_name`, `m`.`occupation`, `m`.`nic`, `m`.`whatsapp`, `m`.`age`, `m`.`disabled`, `m`.`cv`, `m`.`name_with_initial`, `m`.`member_type`, `m`.`occupation_other`, `m`.`school`, `m`.`grade`, `m`.`university_name`, `m`.`land_house_status`, `mo`.`offer`
FROM `homes` `h`
LEFT JOIN `members` `m` ON `m`.`home_id` = `h`.`id`
LEFT JOIN `member_offers` `mo` ON `mo`.`member_id` = `m`.`id`
LEFT JOIN `roads` `r` ON `r`.`id` = `h`.`road_id`
LEFT JOIN `sub_roads` `sr` ON `sr`.`id` = `h`.`sub_road_id`
LEFT JOIN `addresses` `a` ON `a`.`id` = `h`.`address_id`
ORDER BY `h`.`id`, `m`.`id`', [], false)
 5 APPPATH\Models\ViewDetailsModel.php(61): CodeIgniter\Database\BaseBuilder->get()
 6 APPPATH\Controllers\ViewDetails.php(12): App\Models\ViewDetailsModel->getAllFamilies()
 7 SYSTEMPATH\CodeIgniter.php(933): App\Controllers\ViewDetails->index()
 8 SYSTEMPATH\CodeIgniter.php(507): CodeIgniter\CodeIgniter->runController(Object(App\Controllers\ViewDetails))
 9 SYSTEMPATH\CodeIgniter.php(354): CodeIgniter\CodeIgniter->handleRequest(null, Object(Config\Cache), false)
10 SYSTEMPATH\Boot.php(363): CodeIgniter\CodeIgniter->run()
11 SYSTEMPATH\Boot.php(68): CodeIgniter\Boot::runCodeIgniter(Object(CodeIgniter\CodeIgniter))
12 FCPATH\index.php(59): CodeIgniter\Boot::bootWeb(Object(Config\Paths))
ERROR - 2025-11-05 10:02:11 --> mysqli_sql_exception: Unknown column 'waste_disposal' in 'field list' in C:\xampp\htdocs\V-Track\system\Database\MySQLi\Connection.php:327
Stack trace:
#0 C:\xampp\htdocs\V-Track\system\Database\MySQLi\Connection.php(327): mysqli->query('SELECT `waste_d...', 0)
#1 C:\xampp\htdocs\V-Track\system\Database\BaseConnection.php(729): CodeIgniter\Database\MySQLi\Connection->execute('SELECT `waste_d...')
#2 C:\xampp\htdocs\V-Track\system\Database\BaseConnection.php(646): CodeIgniter\Database\BaseConnection->simpleQuery('SELECT `waste_d...')
#3 C:\xampp\htdocs\V-Track\system\Database\BaseBuilder.php(1649): CodeIgniter\Database\BaseConnection->query('SELECT `waste_d...', Array, false)
#4 C:\xampp\htdocs\V-Track\app\Models\DashboardModel.php(79): CodeIgniter\Database\BaseBuilder->get()
#5 C:\xampp\htdocs\V-Track\app\Controllers\Pages.php(34): App\Models\DashboardModel->getWasteCounts()
#6 C:\xampp\htdocs\V-Track\system\CodeIgniter.php(933): App\Controllers\Pages->dashboard()
#7 C:\xampp\htdocs\V-Track\system\CodeIgniter.php(507): CodeIgniter\CodeIgniter->runController(Object(App\Controllers\Pages))
#8 C:\xampp\htdocs\V-Track\system\CodeIgniter.php(354): CodeIgniter\CodeIgniter->handleRequest(NULL, Object(Config\Cache), false)
#9 C:\xampp\htdocs\V-Track\system\Boot.php(363): CodeIgniter\CodeIgniter->run()
#10 C:\xampp\htdocs\V-Track\system\Boot.php(68): CodeIgniter\Boot::runCodeIgniter(Object(CodeIgniter\CodeIgniter))
#11 C:\xampp\htdocs\V-Track\public\index.php(59): CodeIgniter\Boot::bootWeb(Object(Config\Paths))
#12 {main}
CRITICAL - 2025-11-05 10:02:11 --> CodeIgniter\Database\Exceptions\DatabaseException: Unknown column 'waste_disposal' in 'field list'
[Method: GET, Route: dashboard]
in SYSTEMPATH\Database\BaseConnection.php on line 684.
 1 SYSTEMPATH\Database\BaseBuilder.php(1649): CodeIgniter\Database\BaseConnection->query('SELECT `waste_disposal`, COUNT(*) AS cnt
FROM `homes`
GROUP BY `waste_disposal`', [], false)
 2 APPPATH\Models\DashboardModel.php(79): CodeIgniter\Database\BaseBuilder->get()
 3 APPPATH\Controllers\Pages.php(34): App\Models\DashboardModel->getWasteCounts()
 4 SYSTEMPATH\CodeIgniter.php(933): App\Controllers\Pages->dashboard()
 5 SYSTEMPATH\CodeIgniter.php(507): CodeIgniter\CodeIgniter->runController(Object(App\Controllers\Pages))
 6 SYSTEMPATH\CodeIgniter.php(354): CodeIgniter\CodeIgniter->handleRequest(null, Object(Config\Cache), false)
 7 SYSTEMPATH\Boot.php(363): CodeIgniter\CodeIgniter->run()
 8 SYSTEMPATH\Boot.php(68): CodeIgniter\Boot::runCodeIgniter(Object(CodeIgniter\CodeIgniter))
 9 FCPATH\index.php(59): CodeIgniter\Boot::bootWeb(Object(Config\Paths))
CRITICAL - 2025-11-05 10:02:11 --> [Caused by] CodeIgniter\Database\Exceptions\DatabaseException: Unknown column 'waste_disposal' in 'field list'
in SYSTEMPATH\Database\MySQLi\Connection.php on line 332.
 1 SYSTEMPATH\Database\BaseConnection.php(729): CodeIgniter\Database\MySQLi\Connection->execute('SELECT `waste_disposal`, COUNT(*) AS cnt
FROM `homes`
GROUP BY `waste_disposal`')
 2 SYSTEMPATH\Database\BaseConnection.php(646): CodeIgniter\Database\BaseConnection->simpleQuery('SELECT `waste_disposal`, COUNT(*) AS cnt
FROM `homes`
GROUP BY `waste_disposal`')
 3 SYSTEMPATH\Database\BaseBuilder.php(1649): CodeIgniter\Database\BaseConnection->query('SELECT `waste_disposal`, COUNT(*) AS cnt
FROM `homes`
GROUP BY `waste_disposal`', [], false)
 4 APPPATH\Models\DashboardModel.php(79): CodeIgniter\Database\BaseBuilder->get()
 5 APPPATH\Controllers\Pages.php(34): App\Models\DashboardModel->getWasteCounts()
 6 SYSTEMPATH\CodeIgniter.php(933): App\Controllers\Pages->dashboard()
 7 SYSTEMPATH\CodeIgniter.php(507): CodeIgniter\CodeIgniter->runController(Object(App\Controllers\Pages))
 8 SYSTEMPATH\CodeIgniter.php(354): CodeIgniter\CodeIgniter->handleRequest(null, Object(Config\Cache), false)
 9 SYSTEMPATH\Boot.php(363): CodeIgniter\CodeIgniter->run()
10 SYSTEMPATH\Boot.php(68): CodeIgniter\Boot::runCodeIgniter(Object(CodeIgniter\CodeIgniter))
11 FCPATH\index.php(59): CodeIgniter\Boot::bootWeb(Object(Config\Paths))
CRITICAL - 2025-11-05 10:02:11 --> [Caused by] mysqli_sql_exception: Unknown column 'waste_disposal' in 'field list'
in SYSTEMPATH\Database\MySQLi\Connection.php on line 327.
 1 SYSTEMPATH\Database\MySQLi\Connection.php(327): mysqli->query('SELECT `waste_disposal`, COUNT(*) AS cnt
FROM `homes`
GROUP BY `waste_disposal`', 0)
 2 SYSTEMPATH\Database\BaseConnection.php(729): CodeIgniter\Database\MySQLi\Connection->execute('SELECT `waste_disposal`, COUNT(*) AS cnt
FROM `homes`
GROUP BY `waste_disposal`')
 3 SYSTEMPATH\Database\BaseConnection.php(646): CodeIgniter\Database\BaseConnection->simpleQuery('SELECT `waste_disposal`, COUNT(*) AS cnt
FROM `homes`
GROUP BY `waste_disposal`')
 4 SYSTEMPATH\Database\BaseBuilder.php(1649): CodeIgniter\Database\BaseConnection->query('SELECT `waste_disposal`, COUNT(*) AS cnt
FROM `homes`
GROUP BY `waste_disposal`', [], false)
 5 APPPATH\Models\DashboardModel.php(79): CodeIgniter\Database\BaseBuilder->get()
 6 APPPATH\Controllers\Pages.php(34): App\Models\DashboardModel->getWasteCounts()
 7 SYSTEMPATH\CodeIgniter.php(933): App\Controllers\Pages->dashboard()
 8 SYSTEMPATH\CodeIgniter.php(507): CodeIgniter\CodeIgniter->runController(Object(App\Controllers\Pages))
 9 SYSTEMPATH\CodeIgniter.php(354): CodeIgniter\CodeIgniter->handleRequest(null, Object(Config\Cache), false)
10 SYSTEMPATH\Boot.php(363): CodeIgniter\CodeIgniter->run()
11 SYSTEMPATH\Boot.php(68): CodeIgniter\Boot::runCodeIgniter(Object(CodeIgniter\CodeIgniter))
12 FCPATH\index.php(59): CodeIgniter\Boot::bootWeb(Object(Config\Paths))
ERROR - 2025-11-05 10:02:13 --> mysqli_sql_exception: Unknown column 'h.address' in 'field list' in C:\xampp\htdocs\V-Track\system\Database\MySQLi\Connection.php:327
Stack trace:
#0 C:\xampp\htdocs\V-Track\system\Database\MySQLi\Connection.php(327): mysqli->query('SELECT `h`.`id`...', 0)
#1 C:\xampp\htdocs\V-Track\system\Database\BaseConnection.php(729): CodeIgniter\Database\MySQLi\Connection->execute('SELECT `h`.`id`...')
#2 C:\xampp\htdocs\V-Track\system\Database\BaseConnection.php(646): CodeIgniter\Database\BaseConnection->simpleQuery('SELECT `h`.`id`...')
#3 C:\xampp\htdocs\V-Track\system\Database\BaseBuilder.php(1649): CodeIgniter\Database\BaseConnection->query('SELECT `h`.`id`...', Array, false)
#4 C:\xampp\htdocs\V-Track\app\Models\ViewDetailsModel.php(61): CodeIgniter\Database\BaseBuilder->get()
#5 C:\xampp\htdocs\V-Track\app\Controllers\ViewDetails.php(12): App\Models\ViewDetailsModel->getAllFamilies()
#6 C:\xampp\htdocs\V-Track\system\CodeIgniter.php(933): App\Controllers\ViewDetails->index()
#7 C:\xampp\htdocs\V-Track\system\CodeIgniter.php(507): CodeIgniter\CodeIgniter->runController(Object(App\Controllers\ViewDetails))
#8 C:\xampp\htdocs\V-Track\system\CodeIgniter.php(354): CodeIgniter\CodeIgniter->handleRequest(NULL, Object(Config\Cache), false)
#9 C:\xampp\htdocs\V-Track\system\Boot.php(363): CodeIgniter\CodeIgniter->run()
#10 C:\xampp\htdocs\V-Track\system\Boot.php(68): CodeIgniter\Boot::runCodeIgniter(Object(CodeIgniter\CodeIgniter))
#11 C:\xampp\htdocs\V-Track\public\index.php(59): CodeIgniter\Boot::bootWeb(Object(Config\Paths))
#12 {main}
CRITICAL - 2025-11-05 10:02:13 --> CodeIgniter\Database\Exceptions\DatabaseException: Unknown column 'h.address' in 'field list'
[Method: GET, Route: view-details]
in SYSTEMPATH\Database\BaseConnection.php on line 684.
 1 SYSTEMPATH\Database\BaseBuilder.php(1649): CodeIgniter\Database\BaseConnection->query('SELECT `h`.`id` AS `home_id`, `h`.`address` AS `home_address`, `h`.`resident_type`, `r`.`name` AS `road_name`, `sr`.`name` AS `sub_road_name`, `a`.`address` AS `address_line`, `m`.`id` AS `member_id`, `m`.`full_name`, `m`.`occupation`, `m`.`nic`, `m`.`whatsapp`, `m`.`age`, `m`.`disabled`, `m`.`cv`, `m`.`name_with_initial`, `m`.`member_type`, `m`.`occupation_other`, `m`.`school`, `m`.`grade`, `m`.`university_name`, `m`.`land_house_status`, `mo`.`offer`
FROM `homes` `h`
LEFT JOIN `members` `m` ON `m`.`home_id` = `h`.`id`
LEFT JOIN `member_offers` `mo` ON `mo`.`member_id` = `m`.`id`
LEFT JOIN `roads` `r` ON `r`.`id` = `h`.`road_id`
LEFT JOIN `sub_roads` `sr` ON `sr`.`id` = `h`.`sub_road_id`
LEFT JOIN `addresses` `a` ON `a`.`id` = `h`.`address_id`
ORDER BY `h`.`id`, `m`.`id`', [], false)
 2 APPPATH\Models\ViewDetailsModel.php(61): CodeIgniter\Database\BaseBuilder->get()
 3 APPPATH\Controllers\ViewDetails.php(12): App\Models\ViewDetailsModel->getAllFamilies()
 4 SYSTEMPATH\CodeIgniter.php(933): App\Controllers\ViewDetails->index()
 5 SYSTEMPATH\CodeIgniter.php(507): CodeIgniter\CodeIgniter->runController(Object(App\Controllers\ViewDetails))
 6 SYSTEMPATH\CodeIgniter.php(354): CodeIgniter\CodeIgniter->handleRequest(null, Object(Config\Cache), false)
 7 SYSTEMPATH\Boot.php(363): CodeIgniter\CodeIgniter->run()
 8 SYSTEMPATH\Boot.php(68): CodeIgniter\Boot::runCodeIgniter(Object(CodeIgniter\CodeIgniter))
 9 FCPATH\index.php(59): CodeIgniter\Boot::bootWeb(Object(Config\Paths))
CRITICAL - 2025-11-05 10:02:13 --> [Caused by] CodeIgniter\Database\Exceptions\DatabaseException: Unknown column 'h.address' in 'field list'
in SYSTEMPATH\Database\MySQLi\Connection.php on line 332.
 1 SYSTEMPATH\Database\BaseConnection.php(729): CodeIgniter\Database\MySQLi\Connection->execute('SELECT `h`.`id` AS `home_id`, `h`.`address` AS `home_address`, `h`.`resident_type`, `r`.`name` AS `road_name`, `sr`.`name` AS `sub_road_name`, `a`.`address` AS `address_line`, `m`.`id` AS `member_id`, `m`.`full_name`, `m`.`occupation`, `m`.`nic`, `m`.`whatsapp`, `m`.`age`, `m`.`disabled`, `m`.`cv`, `m`.`name_with_initial`, `m`.`member_type`, `m`.`occupation_other`, `m`.`school`, `m`.`grade`, `m`.`university_name`, `m`.`land_house_status`, `mo`.`offer`
FROM `homes` `h`
LEFT JOIN `members` `m` ON `m`.`home_id` = `h`.`id`
LEFT JOIN `member_offers` `mo` ON `mo`.`member_id` = `m`.`id`
LEFT JOIN `roads` `r` ON `r`.`id` = `h`.`road_id`
LEFT JOIN `sub_roads` `sr` ON `sr`.`id` = `h`.`sub_road_id`
LEFT JOIN `addresses` `a` ON `a`.`id` = `h`.`address_id`
ORDER BY `h`.`id`, `m`.`id`')
 2 SYSTEMPATH\Database\BaseConnection.php(646): CodeIgniter\Database\BaseConnection->simpleQuery('SELECT `h`.`id` AS `home_id`, `h`.`address` AS `home_address`, `h`.`resident_type`, `r`.`name` AS `road_name`, `sr`.`name` AS `sub_road_name`, `a`.`address` AS `address_line`, `m`.`id` AS `member_id`, `m`.`full_name`, `m`.`occupation`, `m`.`nic`, `m`.`whatsapp`, `m`.`age`, `m`.`disabled`, `m`.`cv`, `m`.`name_with_initial`, `m`.`member_type`, `m`.`occupation_other`, `m`.`school`, `m`.`grade`, `m`.`university_name`, `m`.`land_house_status`, `mo`.`offer`
FROM `homes` `h`
LEFT JOIN `members` `m` ON `m`.`home_id` = `h`.`id`
LEFT JOIN `member_offers` `mo` ON `mo`.`member_id` = `m`.`id`
LEFT JOIN `roads` `r` ON `r`.`id` = `h`.`road_id`
LEFT JOIN `sub_roads` `sr` ON `sr`.`id` = `h`.`sub_road_id`
LEFT JOIN `addresses` `a` ON `a`.`id` = `h`.`address_id`
ORDER BY `h`.`id`, `m`.`id`')
 3 SYSTEMPATH\Database\BaseBuilder.php(1649): CodeIgniter\Database\BaseConnection->query('SELECT `h`.`id` AS `home_id`, `h`.`address` AS `home_address`, `h`.`resident_type`, `r`.`name` AS `road_name`, `sr`.`name` AS `sub_road_name`, `a`.`address` AS `address_line`, `m`.`id` AS `member_id`, `m`.`full_name`, `m`.`occupation`, `m`.`nic`, `m`.`whatsapp`, `m`.`age`, `m`.`disabled`, `m`.`cv`, `m`.`name_with_initial`, `m`.`member_type`, `m`.`occupation_other`, `m`.`school`, `m`.`grade`, `m`.`university_name`, `m`.`land_house_status`, `mo`.`offer`
FROM `homes` `h`
LEFT JOIN `members` `m` ON `m`.`home_id` = `h`.`id`
LEFT JOIN `member_offers` `mo` ON `mo`.`member_id` = `m`.`id`
LEFT JOIN `roads` `r` ON `r`.`id` = `h`.`road_id`
LEFT JOIN `sub_roads` `sr` ON `sr`.`id` = `h`.`sub_road_id`
LEFT JOIN `addresses` `a` ON `a`.`id` = `h`.`address_id`
ORDER BY `h`.`id`, `m`.`id`', [], false)
 4 APPPATH\Models\ViewDetailsModel.php(61): CodeIgniter\Database\BaseBuilder->get()
 5 APPPATH\Controllers\ViewDetails.php(12): App\Models\ViewDetailsModel->getAllFamilies()
 6 SYSTEMPATH\CodeIgniter.php(933): App\Controllers\ViewDetails->index()
 7 SYSTEMPATH\CodeIgniter.php(507): CodeIgniter\CodeIgniter->runController(Object(App\Controllers\ViewDetails))
 8 SYSTEMPATH\CodeIgniter.php(354): CodeIgniter\CodeIgniter->handleRequest(null, Object(Config\Cache), false)
 9 SYSTEMPATH\Boot.php(363): CodeIgniter\CodeIgniter->run()
10 SYSTEMPATH\Boot.php(68): CodeIgniter\Boot::runCodeIgniter(Object(CodeIgniter\CodeIgniter))
11 FCPATH\index.php(59): CodeIgniter\Boot::bootWeb(Object(Config\Paths))
CRITICAL - 2025-11-05 10:02:13 --> [Caused by] mysqli_sql_exception: Unknown column 'h.address' in 'field list'
in SYSTEMPATH\Database\MySQLi\Connection.php on line 327.
 1 SYSTEMPATH\Database\MySQLi\Connection.php(327): mysqli->query('SELECT `h`.`id` AS `home_id`, `h`.`address` AS `home_address`, `h`.`resident_type`, `r`.`name` AS `road_name`, `sr`.`name` AS `sub_road_name`, `a`.`address` AS `address_line`, `m`.`id` AS `member_id`, `m`.`full_name`, `m`.`occupation`, `m`.`nic`, `m`.`whatsapp`, `m`.`age`, `m`.`disabled`, `m`.`cv`, `m`.`name_with_initial`, `m`.`member_type`, `m`.`occupation_other`, `m`.`school`, `m`.`grade`, `m`.`university_name`, `m`.`land_house_status`, `mo`.`offer`
FROM `homes` `h`
LEFT JOIN `members` `m` ON `m`.`home_id` = `h`.`id`
LEFT JOIN `member_offers` `mo` ON `mo`.`member_id` = `m`.`id`
LEFT JOIN `roads` `r` ON `r`.`id` = `h`.`road_id`
LEFT JOIN `sub_roads` `sr` ON `sr`.`id` = `h`.`sub_road_id`
LEFT JOIN `addresses` `a` ON `a`.`id` = `h`.`address_id`
ORDER BY `h`.`id`, `m`.`id`', 0)
 2 SYSTEMPATH\Database\BaseConnection.php(729): CodeIgniter\Database\MySQLi\Connection->execute('SELECT `h`.`id` AS `home_id`, `h`.`address` AS `home_address`, `h`.`resident_type`, `r`.`name` AS `road_name`, `sr`.`name` AS `sub_road_name`, `a`.`address` AS `address_line`, `m`.`id` AS `member_id`, `m`.`full_name`, `m`.`occupation`, `m`.`nic`, `m`.`whatsapp`, `m`.`age`, `m`.`disabled`, `m`.`cv`, `m`.`name_with_initial`, `m`.`member_type`, `m`.`occupation_other`, `m`.`school`, `m`.`grade`, `m`.`university_name`, `m`.`land_house_status`, `mo`.`offer`
FROM `homes` `h`
LEFT JOIN `members` `m` ON `m`.`home_id` = `h`.`id`
LEFT JOIN `member_offers` `mo` ON `mo`.`member_id` = `m`.`id`
LEFT JOIN `roads` `r` ON `r`.`id` = `h`.`road_id`
LEFT JOIN `sub_roads` `sr` ON `sr`.`id` = `h`.`sub_road_id`
LEFT JOIN `addresses` `a` ON `a`.`id` = `h`.`address_id`
ORDER BY `h`.`id`, `m`.`id`')
 3 SYSTEMPATH\Database\BaseConnection.php(646): CodeIgniter\Database\BaseConnection->simpleQuery('SELECT `h`.`id` AS `home_id`, `h`.`address` AS `home_address`, `h`.`resident_type`, `r`.`name` AS `road_name`, `sr`.`name` AS `sub_road_name`, `a`.`address` AS `address_line`, `m`.`id` AS `member_id`, `m`.`full_name`, `m`.`occupation`, `m`.`nic`, `m`.`whatsapp`, `m`.`age`, `m`.`disabled`, `m`.`cv`, `m`.`name_with_initial`, `m`.`member_type`, `m`.`occupation_other`, `m`.`school`, `m`.`grade`, `m`.`university_name`, `m`.`land_house_status`, `mo`.`offer`
FROM `homes` `h`
LEFT JOIN `members` `m` ON `m`.`home_id` = `h`.`id`
LEFT JOIN `member_offers` `mo` ON `mo`.`member_id` = `m`.`id`
LEFT JOIN `roads` `r` ON `r`.`id` = `h`.`road_id`
LEFT JOIN `sub_roads` `sr` ON `sr`.`id` = `h`.`sub_road_id`
LEFT JOIN `addresses` `a` ON `a`.`id` = `h`.`address_id`
ORDER BY `h`.`id`, `m`.`id`')
 4 SYSTEMPATH\Database\BaseBuilder.php(1649): CodeIgniter\Database\BaseConnection->query('SELECT `h`.`id` AS `home_id`, `h`.`address` AS `home_address`, `h`.`resident_type`, `r`.`name` AS `road_name`, `sr`.`name` AS `sub_road_name`, `a`.`address` AS `address_line`, `m`.`id` AS `member_id`, `m`.`full_name`, `m`.`occupation`, `m`.`nic`, `m`.`whatsapp`, `m`.`age`, `m`.`disabled`, `m`.`cv`, `m`.`name_with_initial`, `m`.`member_type`, `m`.`occupation_other`, `m`.`school`, `m`.`grade`, `m`.`university_name`, `m`.`land_house_status`, `mo`.`offer`
FROM `homes` `h`
LEFT JOIN `members` `m` ON `m`.`home_id` = `h`.`id`
LEFT JOIN `member_offers` `mo` ON `mo`.`member_id` = `m`.`id`
LEFT JOIN `roads` `r` ON `r`.`id` = `h`.`road_id`
LEFT JOIN `sub_roads` `sr` ON `sr`.`id` = `h`.`sub_road_id`
LEFT JOIN `addresses` `a` ON `a`.`id` = `h`.`address_id`
ORDER BY `h`.`id`, `m`.`id`', [], false)
 5 APPPATH\Models\ViewDetailsModel.php(61): CodeIgniter\Database\BaseBuilder->get()
 6 APPPATH\Controllers\ViewDetails.php(12): App\Models\ViewDetailsModel->getAllFamilies()
 7 SYSTEMPATH\CodeIgniter.php(933): App\Controllers\ViewDetails->index()
 8 SYSTEMPATH\CodeIgniter.php(507): CodeIgniter\CodeIgniter->runController(Object(App\Controllers\ViewDetails))
 9 SYSTEMPATH\CodeIgniter.php(354): CodeIgniter\CodeIgniter->handleRequest(null, Object(Config\Cache), false)
10 SYSTEMPATH\Boot.php(363): CodeIgniter\CodeIgniter->run()
11 SYSTEMPATH\Boot.php(68): CodeIgniter\Boot::runCodeIgniter(Object(CodeIgniter\CodeIgniter))
12 FCPATH\index.php(59): CodeIgniter\Boot::bootWeb(Object(Config\Paths))
ERROR - 2025-11-05 10:02:14 --> mysqli_sql_exception: Unknown column 'waste_disposal' in 'field list' in C:\xampp\htdocs\V-Track\system\Database\MySQLi\Connection.php:327
Stack trace:
#0 C:\xampp\htdocs\V-Track\system\Database\MySQLi\Connection.php(327): mysqli->query('SELECT `waste_d...', 0)
#1 C:\xampp\htdocs\V-Track\system\Database\BaseConnection.php(729): CodeIgniter\Database\MySQLi\Connection->execute('SELECT `waste_d...')
#2 C:\xampp\htdocs\V-Track\system\Database\BaseConnection.php(646): CodeIgniter\Database\BaseConnection->simpleQuery('SELECT `waste_d...')
#3 C:\xampp\htdocs\V-Track\system\Database\BaseBuilder.php(1649): CodeIgniter\Database\BaseConnection->query('SELECT `waste_d...', Array, false)
#4 C:\xampp\htdocs\V-Track\app\Models\DashboardModel.php(79): CodeIgniter\Database\BaseBuilder->get()
#5 C:\xampp\htdocs\V-Track\app\Controllers\Pages.php(34): App\Models\DashboardModel->getWasteCounts()
#6 C:\xampp\htdocs\V-Track\system\CodeIgniter.php(933): App\Controllers\Pages->dashboard()
#7 C:\xampp\htdocs\V-Track\system\CodeIgniter.php(507): CodeIgniter\CodeIgniter->runController(Object(App\Controllers\Pages))
#8 C:\xampp\htdocs\V-Track\system\CodeIgniter.php(354): CodeIgniter\CodeIgniter->handleRequest(NULL, Object(Config\Cache), false)
#9 C:\xampp\htdocs\V-Track\system\Boot.php(363): CodeIgniter\CodeIgniter->run()
#10 C:\xampp\htdocs\V-Track\system\Boot.php(68): CodeIgniter\Boot::runCodeIgniter(Object(CodeIgniter\CodeIgniter))
#11 C:\xampp\htdocs\V-Track\public\index.php(59): CodeIgniter\Boot::bootWeb(Object(Config\Paths))
#12 {main}
CRITICAL - 2025-11-05 10:02:14 --> CodeIgniter\Database\Exceptions\DatabaseException: Unknown column 'waste_disposal' in 'field list'
[Method: GET, Route: dashboard]
in SYSTEMPATH\Database\BaseConnection.php on line 684.
 1 SYSTEMPATH\Database\BaseBuilder.php(1649): CodeIgniter\Database\BaseConnection->query('SELECT `waste_disposal`, COUNT(*) AS cnt
FROM `homes`
GROUP BY `waste_disposal`', [], false)
 2 APPPATH\Models\DashboardModel.php(79): CodeIgniter\Database\BaseBuilder->get()
 3 APPPATH\Controllers\Pages.php(34): App\Models\DashboardModel->getWasteCounts()
 4 SYSTEMPATH\CodeIgniter.php(933): App\Controllers\Pages->dashboard()
 5 SYSTEMPATH\CodeIgniter.php(507): CodeIgniter\CodeIgniter->runController(Object(App\Controllers\Pages))
 6 SYSTEMPATH\CodeIgniter.php(354): CodeIgniter\CodeIgniter->handleRequest(null, Object(Config\Cache), false)
 7 SYSTEMPATH\Boot.php(363): CodeIgniter\CodeIgniter->run()
 8 SYSTEMPATH\Boot.php(68): CodeIgniter\Boot::runCodeIgniter(Object(CodeIgniter\CodeIgniter))
 9 FCPATH\index.php(59): CodeIgniter\Boot::bootWeb(Object(Config\Paths))
CRITICAL - 2025-11-05 10:02:14 --> [Caused by] CodeIgniter\Database\Exceptions\DatabaseException: Unknown column 'waste_disposal' in 'field list'
in SYSTEMPATH\Database\MySQLi\Connection.php on line 332.
 1 SYSTEMPATH\Database\BaseConnection.php(729): CodeIgniter\Database\MySQLi\Connection->execute('SELECT `waste_disposal`, COUNT(*) AS cnt
FROM `homes`
GROUP BY `waste_disposal`')
 2 SYSTEMPATH\Database\BaseConnection.php(646): CodeIgniter\Database\BaseConnection->simpleQuery('SELECT `waste_disposal`, COUNT(*) AS cnt
FROM `homes`
GROUP BY `waste_disposal`')
 3 SYSTEMPATH\Database\BaseBuilder.php(1649): CodeIgniter\Database\BaseConnection->query('SELECT `waste_disposal`, COUNT(*) AS cnt
FROM `homes`
GROUP BY `waste_disposal`', [], false)
 4 APPPATH\Models\DashboardModel.php(79): CodeIgniter\Database\BaseBuilder->get()
 5 APPPATH\Controllers\Pages.php(34): App\Models\DashboardModel->getWasteCounts()
 6 SYSTEMPATH\CodeIgniter.php(933): App\Controllers\Pages->dashboard()
 7 SYSTEMPATH\CodeIgniter.php(507): CodeIgniter\CodeIgniter->runController(Object(App\Controllers\Pages))
 8 SYSTEMPATH\CodeIgniter.php(354): CodeIgniter\CodeIgniter->handleRequest(null, Object(Config\Cache), false)
 9 SYSTEMPATH\Boot.php(363): CodeIgniter\CodeIgniter->run()
10 SYSTEMPATH\Boot.php(68): CodeIgniter\Boot::runCodeIgniter(Object(CodeIgniter\CodeIgniter))
11 FCPATH\index.php(59): CodeIgniter\Boot::bootWeb(Object(Config\Paths))
CRITICAL - 2025-11-05 10:02:14 --> [Caused by] mysqli_sql_exception: Unknown column 'waste_disposal' in 'field list'
in SYSTEMPATH\Database\MySQLi\Connection.php on line 327.
 1 SYSTEMPATH\Database\MySQLi\Connection.php(327): mysqli->query('SELECT `waste_disposal`, COUNT(*) AS cnt
FROM `homes`
GROUP BY `waste_disposal`', 0)
 2 SYSTEMPATH\Database\BaseConnection.php(729): CodeIgniter\Database\MySQLi\Connection->execute('SELECT `waste_disposal`, COUNT(*) AS cnt
FROM `homes`
GROUP BY `waste_disposal`')
 3 SYSTEMPATH\Database\BaseConnection.php(646): CodeIgniter\Database\BaseConnection->simpleQuery('SELECT `waste_disposal`, COUNT(*) AS cnt
FROM `homes`
GROUP BY `waste_disposal`')
 4 SYSTEMPATH\Database\BaseBuilder.php(1649): CodeIgniter\Database\BaseConnection->query('SELECT `waste_disposal`, COUNT(*) AS cnt
FROM `homes`
GROUP BY `waste_disposal`', [], false)
 5 APPPATH\Models\DashboardModel.php(79): CodeIgniter\Database\BaseBuilder->get()
 6 APPPATH\Controllers\Pages.php(34): App\Models\DashboardModel->getWasteCounts()
 7 SYSTEMPATH\CodeIgniter.php(933): App\Controllers\Pages->dashboard()
 8 SYSTEMPATH\CodeIgniter.php(507): CodeIgniter\CodeIgniter->runController(Object(App\Controllers\Pages))
 9 SYSTEMPATH\CodeIgniter.php(354): CodeIgniter\CodeIgniter->handleRequest(null, Object(Config\Cache), false)
10 SYSTEMPATH\Boot.php(363): CodeIgniter\CodeIgniter->run()
11 SYSTEMPATH\Boot.php(68): CodeIgniter\Boot::runCodeIgniter(Object(CodeIgniter\CodeIgniter))
12 FCPATH\index.php(59): CodeIgniter\Boot::bootWeb(Object(Config\Paths))
